CRITICAL - 2021-12-25 01:25:35 --> Too few arguments to function App\Controllers\Bookmark::remove(), 0 passed in C:\xampp\htdocs\tasteid\system\CodeIgniter.php on line 824 and exactly 1 expected
#0 C:\xampp\htdocs\tasteid\system\CodeIgniter.php(824): App\Controllers\Bookmark->remove()
#1 C:\xampp\htdocs\tasteid\system\CodeIgniter.php(410): CodeIgniter\CodeIgniter->runController(Object(App\Controllers\Bookmark))
#2 C:\xampp\htdocs\tasteid\system\CodeIgniter.php(318): CodeIgniter\CodeIgniter->handleRequest(NULL, Object(Config\Cache), false)
#3 C:\xampp\htdocs\tasteid\public\index.php(37): CodeIgniter\CodeIgniter->run()
#4 C:\xampp\htdocs\tasteid\system\Commands\Server\rewrite.php(43): require_once('C:\\xampp\\htdocs...')
#5 {main}
ERROR - 2021-12-25 01:26:03 --> You have an error in your SQL syntax; check the manual that corresponds to your MariaDB server version for the right syntax to use near ')' at line 3
CRITICAL - 2021-12-25 01:26:03 --> Call to a member function getResult() on bool
#0 C:\xampp\htdocs\tasteid\system\BaseModel.php(523): CodeIgniter\Model->doFind(false, Array)
#1 C:\xampp\htdocs\tasteid\app\Controllers\Bookmark.php(29): CodeIgniter\BaseModel->find(Array)
#2 C:\xampp\htdocs\tasteid\system\CodeIgniter.php(824): App\Controllers\Bookmark->index()
#3 C:\xampp\htdocs\tasteid\system\CodeIgniter.php(410): CodeIgniter\CodeIgniter->runController(Object(App\Controllers\Bookmark))
#4 C:\xampp\htdocs\tasteid\system\CodeIgniter.php(318): CodeIgniter\CodeIgniter->handleRequest(NULL, Object(Config\Cache), false)
#5 C:\xampp\htdocs\tasteid\public\index.php(37): CodeIgniter\CodeIgniter->run()
#6 C:\xampp\htdocs\tasteid\system\Commands\Server\rewrite.php(43): require_once('C:\\xampp\\htdocs...')
#7 {main}
ERROR - 2021-12-25 01:26:12 --> You have an error in your SQL syntax; check the manual that corresponds to your MariaDB server version for the right syntax to use near ')' at line 3
CRITICAL - 2021-12-25 01:26:12 --> Call to a member function getResult() on bool
#0 C:\xampp\htdocs\tasteid\system\BaseModel.php(523): CodeIgniter\Model->doFind(false, Array)
#1 C:\xampp\htdocs\tasteid\app\Controllers\Bookmark.php(29): CodeIgniter\BaseModel->find(Array)
#2 C:\xampp\htdocs\tasteid\system\CodeIgniter.php(824): App\Controllers\Bookmark->index()
#3 C:\xampp\htdocs\tasteid\system\CodeIgniter.php(410): CodeIgniter\CodeIgniter->runController(Object(App\Controllers\Bookmark))
#4 C:\xampp\htdocs\tasteid\system\CodeIgniter.php(318): CodeIgniter\CodeIgniter->handleRequest(NULL, Object(Config\Cache), false)
#5 C:\xampp\htdocs\tasteid\public\index.php(37): CodeIgniter\CodeIgniter->run()
#6 C:\xampp\htdocs\tasteid\system\Commands\Server\rewrite.php(43): require_once('C:\\xampp\\htdocs...')
#7 {main}
CRITICAL - 2021-12-25 01:36:57 --> Invalid argument supplied for foreach()
#0 C:\xampp\htdocs\tasteid\app\Views\hasil_pencarian.php(59): CodeIgniter\Debug\Exceptions->errorHandler(2, 'Invalid argumen...', 'C:\\xampp\\htdocs...', 59, Array)
#1 C:\xampp\htdocs\tasteid\system\View\View.php(214): include('C:\\xampp\\htdocs...')
#2 C:\xampp\htdocs\tasteid\system\View\View.php(217): CodeIgniter\View\View->CodeIgniter\View\{closure}()
#3 C:\xampp\htdocs\tasteid\system\Common.php(1097): CodeIgniter\View\View->render('hasil_pencarian', Array, true)
#4 C:\xampp\htdocs\tasteid\app\Controllers\Resep.php(26): view('hasil_pencarian')
#5 C:\xampp\htdocs\tasteid\system\CodeIgniter.php(824): App\Controllers\Resep->search()
#6 C:\xampp\htdocs\tasteid\system\CodeIgniter.php(410): CodeIgniter\CodeIgniter->runController(Object(App\Controllers\Resep))
#7 C:\xampp\htdocs\tasteid\system\CodeIgniter.php(318): CodeIgniter\CodeIgniter->handleRequest(NULL, Object(Config\Cache), false)
#8 C:\xampp\htdocs\tasteid\public\index.php(37): CodeIgniter\CodeIgniter->run()
#9 C:\xampp\htdocs\tasteid\system\Commands\Server\rewrite.php(43): require_once('C:\\xampp\\htdocs...')
#10 {main}
CRITICAL - 2021-12-25 01:48:20 --> Call to a member function query() on null
#0 C:\xampp\htdocs\tasteid\system\CodeIgniter.php(824): App\Controllers\Resep->search('a')
#1 C:\xampp\htdocs\tasteid\system\CodeIgniter.php(410): CodeIgniter\CodeIgniter->runController(Object(App\Controllers\Resep))
#2 C:\xampp\htdocs\tasteid\system\CodeIgniter.php(318): CodeIgniter\CodeIgniter->handleRequest(NULL, Object(Config\Cache), false)
#3 C:\xampp\htdocs\tasteid\public\index.php(37): CodeIgniter\CodeIgniter->run()
#4 C:\xampp\htdocs\tasteid\system\Commands\Server\rewrite.php(43): require_once('C:\\xampp\\htdocs...')
#5 {main}
CRITICAL - 2021-12-25 01:48:25 --> Call to a member function query() on null
#0 C:\xampp\htdocs\tasteid\system\CodeIgniter.php(824): App\Controllers\Resep->search('a')
#1 C:\xampp\htdocs\tasteid\system\CodeIgniter.php(410): CodeIgniter\CodeIgniter->runController(Object(App\Controllers\Resep))
#2 C:\xampp\htdocs\tasteid\system\CodeIgniter.php(318): CodeIgniter\CodeIgniter->handleRequest(NULL, Object(Config\Cache), false)
#3 C:\xampp\htdocs\tasteid\public\index.php(37): CodeIgniter\CodeIgniter->run()
#4 C:\xampp\htdocs\tasteid\system\Commands\Server\rewrite.php(43): require_once('C:\\xampp\\htdocs...')
#5 {main}
CRITICAL - 2021-12-25 01:48:26 --> Call to a member function query() on null
#0 C:\xampp\htdocs\tasteid\system\CodeIgniter.php(824): App\Controllers\Resep->search('a')
#1 C:\xampp\htdocs\tasteid\system\CodeIgniter.php(410): CodeIgniter\CodeIgniter->runController(Object(App\Controllers\Resep))
#2 C:\xampp\htdocs\tasteid\system\CodeIgniter.php(318): CodeIgniter\CodeIgniter->handleRequest(NULL, Object(Config\Cache), false)
#3 C:\xampp\htdocs\tasteid\public\index.php(37): CodeIgniter\CodeIgniter->run()
#4 C:\xampp\htdocs\tasteid\system\Commands\Server\rewrite.php(43): require_once('C:\\xampp\\htdocs...')
#5 {main}
CRITICAL - 2021-12-25 01:48:27 --> Call to a member function query() on null
#0 C:\xampp\htdocs\tasteid\system\CodeIgniter.php(824): App\Controllers\Resep->search('a')
#1 C:\xampp\htdocs\tasteid\system\CodeIgniter.php(410): CodeIgniter\CodeIgniter->runController(Object(App\Controllers\Resep))
#2 C:\xampp\htdocs\tasteid\system\CodeIgniter.php(318): CodeIgniter\CodeIgniter->handleRequest(NULL, Object(Config\Cache), false)
#3 C:\xampp\htdocs\tasteid\public\index.php(37): CodeIgniter\CodeIgniter->run()
#4 C:\xampp\htdocs\tasteid\system\Commands\Server\rewrite.php(43): require_once('C:\\xampp\\htdocs...')
#5 {main}
CRITICAL - 2021-12-25 01:48:45 --> Call to a member function query() on null
#0 C:\xampp\htdocs\tasteid\system\CodeIgniter.php(824): App\Controllers\Resep->search('a')
#1 C:\xampp\htdocs\tasteid\system\CodeIgniter.php(410): CodeIgniter\CodeIgniter->runController(Object(App\Controllers\Resep))
#2 C:\xampp\htdocs\tasteid\system\CodeIgniter.php(318): CodeIgniter\CodeIgniter->handleRequest(NULL, Object(Config\Cache), false)
#3 C:\xampp\htdocs\tasteid\public\index.php(37): CodeIgniter\CodeIgniter->run()
#4 C:\xampp\htdocs\tasteid\system\Commands\Server\rewrite.php(43): require_once('C:\\xampp\\htdocs...')
#5 {main}
CRITICAL - 2021-12-25 01:48:46 --> Call to a member function query() on null
#0 C:\xampp\htdocs\tasteid\system\CodeIgniter.php(824): App\Controllers\Resep->search('a')
#1 C:\xampp\htdocs\tasteid\system\CodeIgniter.php(410): CodeIgniter\CodeIgniter->runController(Object(App\Controllers\Resep))
#2 C:\xampp\htdocs\tasteid\system\CodeIgniter.php(318): CodeIgniter\CodeIgniter->handleRequest(NULL, Object(Config\Cache), false)
#3 C:\xampp\htdocs\tasteid\public\index.php(37): CodeIgniter\CodeIgniter->run()
#4 C:\xampp\htdocs\tasteid\system\Commands\Server\rewrite.php(43): require_once('C:\\xampp\\htdocs...')
#5 {main}
CRITICAL - 2021-12-25 02:42:43 --> Call to undefined method App\Models\ResepModel::search
#0 C:\xampp\htdocs\tasteid\app\Controllers\Resep.php(42): CodeIgniter\Model->__call('search', Array)
#1 C:\xampp\htdocs\tasteid\system\CodeIgniter.php(824): App\Controllers\Resep->search('a')
#2 C:\xampp\htdocs\tasteid\system\CodeIgniter.php(410): CodeIgniter\CodeIgniter->runController(Object(App\Controllers\Resep))
#3 C:\xampp\htdocs\tasteid\system\CodeIgniter.php(318): CodeIgniter\CodeIgniter->handleRequest(NULL, Object(Config\Cache), false)
#4 C:\xampp\htdocs\tasteid\public\index.php(37): CodeIgniter\CodeIgniter->run()
#5 C:\xampp\htdocs\tasteid\system\Commands\Server\rewrite.php(43): require_once('C:\\xampp\\htdocs...')
#6 {main}
CRITICAL - 2021-12-25 02:58:55 --> Invalid argument supplied for foreach()
#0 C:\xampp\htdocs\tasteid\app\Views\hasil_pencarian.php(26): CodeIgniter\Debug\Exceptions->errorHandler(2, 'Invalid argumen...', 'C:\\xampp\\htdocs...', 26, Array)
#1 C:\xampp\htdocs\tasteid\system\View\View.php(214): include('C:\\xampp\\htdocs...')
#2 C:\xampp\htdocs\tasteid\system\View\View.php(217): CodeIgniter\View\View->CodeIgniter\View\{closure}()
#3 C:\xampp\htdocs\tasteid\system\Common.php(1097): CodeIgniter\View\View->render('hasil_pencarian', Array, true)
#4 C:\xampp\htdocs\tasteid\app\Controllers\Resep.php(59): view('hasil_pencarian', Array)
#5 C:\xampp\htdocs\tasteid\system\CodeIgniter.php(824): App\Controllers\Resep->search()
#6 C:\xampp\htdocs\tasteid\system\CodeIgniter.php(410): CodeIgniter\CodeIgniter->runController(Object(App\Controllers\Resep))
#7 C:\xampp\htdocs\tasteid\system\CodeIgniter.php(318): CodeIgniter\CodeIgniter->handleRequest(NULL, Object(Config\Cache), false)
#8 C:\xampp\htdocs\tasteid\public\index.php(37): CodeIgniter\CodeIgniter->run()
#9 C:\xampp\htdocs\tasteid\system\Commands\Server\rewrite.php(43): require_once('C:\\xampp\\htdocs...')
#10 {main}
CRITICAL - 2021-12-25 03:00:04 --> Invalid argument supplied for foreach()
#0 C:\xampp\htdocs\tasteid\app\Views\hasil_pencarian.php(26): CodeIgniter\Debug\Exceptions->errorHandler(2, 'Invalid argumen...', 'C:\\xampp\\htdocs...', 26, Array)
#1 C:\xampp\htdocs\tasteid\system\View\View.php(214): include('C:\\xampp\\htdocs...')
#2 C:\xampp\htdocs\tasteid\system\View\View.php(217): CodeIgniter\View\View->CodeIgniter\View\{closure}()
#3 C:\xampp\htdocs\tasteid\system\Common.php(1097): CodeIgniter\View\View->render('hasil_pencarian', Array, true)
#4 C:\xampp\htdocs\tasteid\app\Controllers\Resep.php(62): view('hasil_pencarian', Array)
#5 C:\xampp\htdocs\tasteid\system\CodeIgniter.php(824): App\Controllers\Resep->search()
#6 C:\xampp\htdocs\tasteid\system\CodeIgniter.php(410): CodeIgniter\CodeIgniter->runController(Object(App\Controllers\Resep))
#7 C:\xampp\htdocs\tasteid\system\CodeIgniter.php(318): CodeIgniter\CodeIgniter->handleRequest(NULL, Object(Config\Cache), false)
#8 C:\xampp\htdocs\tasteid\public\index.php(37): CodeIgniter\CodeIgniter->run()
#9 C:\xampp\htdocs\tasteid\system\Commands\Server\rewrite.php(43): require_once('C:\\xampp\\htdocs...')
#10 {main}
CRITICAL - 2021-12-25 03:02:35 --> Invalid argument supplied for foreach()
#0 C:\xampp\htdocs\tasteid\app\Views\hasil_pencarian.php(34): CodeIgniter\Debug\Exceptions->errorHandler(2, 'Invalid argumen...', 'C:\\xampp\\htdocs...', 34, Array)
#1 C:\xampp\htdocs\tasteid\system\View\View.php(214): include('C:\\xampp\\htdocs...')
#2 C:\xampp\htdocs\tasteid\system\View\View.php(217): CodeIgniter\View\View->CodeIgniter\View\{closure}()
#3 C:\xampp\htdocs\tasteid\system\Common.php(1097): CodeIgniter\View\View->render('hasil_pencarian', Array, true)
#4 C:\xampp\htdocs\tasteid\app\Controllers\Resep.php(62): view('hasil_pencarian', Array)
#5 C:\xampp\htdocs\tasteid\system\CodeIgniter.php(824): App\Controllers\Resep->search()
#6 C:\xampp\htdocs\tasteid\system\CodeIgniter.php(410): CodeIgniter\CodeIgniter->runController(Object(App\Controllers\Resep))
#7 C:\xampp\htdocs\tasteid\system\CodeIgniter.php(318): CodeIgniter\CodeIgniter->handleRequest(NULL, Object(Config\Cache), false)
#8 C:\xampp\htdocs\tasteid\public\index.php(37): CodeIgniter\CodeIgniter->run()
#9 C:\xampp\htdocs\tasteid\system\Commands\Server\rewrite.php(43): require_once('C:\\xampp\\htdocs...')
#10 {main}
CRITICAL - 2021-12-25 03:03:34 --> Invalid argument supplied for foreach()
#0 C:\xampp\htdocs\tasteid\app\Views\hasil_pencarian.php(34): CodeIgniter\Debug\Exceptions->errorHandler(2, 'Invalid argumen...', 'C:\\xampp\\htdocs...', 34, Array)
#1 C:\xampp\htdocs\tasteid\system\View\View.php(214): include('C:\\xampp\\htdocs...')
#2 C:\xampp\htdocs\tasteid\system\View\View.php(217): CodeIgniter\View\View->CodeIgniter\View\{closure}()
#3 C:\xampp\htdocs\tasteid\system\Common.php(1097): CodeIgniter\View\View->render('hasil_pencarian', Array, true)
#4 C:\xampp\htdocs\tasteid\app\Controllers\Resep.php(62): view('hasil_pencarian', Array)
#5 C:\xampp\htdocs\tasteid\system\CodeIgniter.php(824): App\Controllers\Resep->search()
#6 C:\xampp\htdocs\tasteid\system\CodeIgniter.php(410): CodeIgniter\CodeIgniter->runController(Object(App\Controllers\Resep))
#7 C:\xampp\htdocs\tasteid\system\CodeIgniter.php(318): CodeIgniter\CodeIgniter->handleRequest(NULL, Object(Config\Cache), false)
#8 C:\xampp\htdocs\tasteid\public\index.php(37): CodeIgniter\CodeIgniter->run()
#9 C:\xampp\htdocs\tasteid\system\Commands\Server\rewrite.php(43): require_once('C:\\xampp\\htdocs...')
#10 {main}
CRITICAL - 2021-12-25 03:03:36 --> Invalid argument supplied for foreach()
#0 C:\xampp\htdocs\tasteid\app\Views\hasil_pencarian.php(34): CodeIgniter\Debug\Exceptions->errorHandler(2, 'Invalid argumen...', 'C:\\xampp\\htdocs...', 34, Array)
#1 C:\xampp\htdocs\tasteid\system\View\View.php(214): include('C:\\xampp\\htdocs...')
#2 C:\xampp\htdocs\tasteid\system\View\View.php(217): CodeIgniter\View\View->CodeIgniter\View\{closure}()
#3 C:\xampp\htdocs\tasteid\system\Common.php(1097): CodeIgniter\View\View->render('hasil_pencarian', Array, true)
#4 C:\xampp\htdocs\tasteid\app\Controllers\Resep.php(62): view('hasil_pencarian', Array)
#5 C:\xampp\htdocs\tasteid\system\CodeIgniter.php(824): App\Controllers\Resep->search()
#6 C:\xampp\htdocs\tasteid\system\CodeIgniter.php(410): CodeIgniter\CodeIgniter->runController(Object(App\Controllers\Resep))
#7 C:\xampp\htdocs\tasteid\system\CodeIgniter.php(318): CodeIgniter\CodeIgniter->handleRequest(NULL, Object(Config\Cache), false)
#8 C:\xampp\htdocs\tasteid\public\index.php(37): CodeIgniter\CodeIgniter->run()
#9 C:\xampp\htdocs\tasteid\system\Commands\Server\rewrite.php(43): require_once('C:\\xampp\\htdocs...')
#10 {main}
CRITICAL - 2021-12-25 03:03:38 --> Invalid argument supplied for foreach()
#0 C:\xampp\htdocs\tasteid\app\Views\hasil_pencarian.php(34): CodeIgniter\Debug\Exceptions->errorHandler(2, 'Invalid argumen...', 'C:\\xampp\\htdocs...', 34, Array)
#1 C:\xampp\htdocs\tasteid\system\View\View.php(214): include('C:\\xampp\\htdocs...')
#2 C:\xampp\htdocs\tasteid\system\View\View.php(217): CodeIgniter\View\View->CodeIgniter\View\{closure}()
#3 C:\xampp\htdocs\tasteid\system\Common.php(1097): CodeIgniter\View\View->render('hasil_pencarian', Array, true)
#4 C:\xampp\htdocs\tasteid\app\Controllers\Resep.php(62): view('hasil_pencarian', Array)
#5 C:\xampp\htdocs\tasteid\system\CodeIgniter.php(824): App\Controllers\Resep->search()
#6 C:\xampp\htdocs\tasteid\system\CodeIgniter.php(410): CodeIgniter\CodeIgniter->runController(Object(App\Controllers\Resep))
#7 C:\xampp\htdocs\tasteid\system\CodeIgniter.php(318): CodeIgniter\CodeIgniter->handleRequest(NULL, Object(Config\Cache), false)
#8 C:\xampp\htdocs\tasteid\public\index.php(37): CodeIgniter\CodeIgniter->run()
#9 C:\xampp\htdocs\tasteid\system\Commands\Server\rewrite.php(43): require_once('C:\\xampp\\htdocs...')
#10 {main}
CRITICAL - 2021-12-25 03:03:51 --> Invalid argument supplied for foreach()
#0 C:\xampp\htdocs\tasteid\app\Views\hasil_pencarian.php(34): CodeIgniter\Debug\Exceptions->errorHandler(2, 'Invalid argumen...', 'C:\\xampp\\htdocs...', 34, Array)
#1 C:\xampp\htdocs\tasteid\system\View\View.php(214): include('C:\\xampp\\htdocs...')
#2 C:\xampp\htdocs\tasteid\system\View\View.php(217): CodeIgniter\View\View->CodeIgniter\View\{closure}()
#3 C:\xampp\htdocs\tasteid\system\Common.php(1097): CodeIgniter\View\View->render('hasil_pencarian', Array, true)
#4 C:\xampp\htdocs\tasteid\app\Controllers\Resep.php(62): view('hasil_pencarian', Array)
#5 C:\xampp\htdocs\tasteid\system\CodeIgniter.php(824): App\Controllers\Resep->search()
#6 C:\xampp\htdocs\tasteid\system\CodeIgniter.php(410): CodeIgniter\CodeIgniter->runController(Object(App\Controllers\Resep))
#7 C:\xampp\htdocs\tasteid\system\CodeIgniter.php(318): CodeIgniter\CodeIgniter->handleRequest(NULL, Object(Config\Cache), false)
#8 C:\xampp\htdocs\tasteid\public\index.php(37): CodeIgniter\CodeIgniter->run()
#9 C:\xampp\htdocs\tasteid\system\Commands\Server\rewrite.php(43): require_once('C:\\xampp\\htdocs...')
#10 {main}
CRITICAL - 2021-12-25 03:03:53 --> Invalid argument supplied for foreach()
#0 C:\xampp\htdocs\tasteid\app\Views\hasil_pencarian.php(34): CodeIgniter\Debug\Exceptions->errorHandler(2, 'Invalid argumen...', 'C:\\xampp\\htdocs...', 34, Array)
#1 C:\xampp\htdocs\tasteid\system\View\View.php(214): include('C:\\xampp\\htdocs...')
#2 C:\xampp\htdocs\tasteid\system\View\View.php(217): CodeIgniter\View\View->CodeIgniter\View\{closure}()
#3 C:\xampp\htdocs\tasteid\system\Common.php(1097): CodeIgniter\View\View->render('hasil_pencarian', Array, true)
#4 C:\xampp\htdocs\tasteid\app\Controllers\Resep.php(62): view('hasil_pencarian', Array)
#5 C:\xampp\htdocs\tasteid\system\CodeIgniter.php(824): App\Controllers\Resep->search()
#6 C:\xampp\htdocs\tasteid\system\CodeIgniter.php(410): CodeIgniter\CodeIgniter->runController(Object(App\Controllers\Resep))
#7 C:\xampp\htdocs\tasteid\system\CodeIgniter.php(318): CodeIgniter\CodeIgniter->handleRequest(NULL, Object(Config\Cache), false)
#8 C:\xampp\htdocs\tasteid\public\index.php(37): CodeIgniter\CodeIgniter->run()
#9 C:\xampp\htdocs\tasteid\system\Commands\Server\rewrite.php(43): require_once('C:\\xampp\\htdocs...')
#10 {main}
CRITICAL - 2021-12-25 03:04:09 --> Invalid argument supplied for foreach()
#0 C:\xampp\htdocs\tasteid\app\Views\hasil_pencarian.php(34): CodeIgniter\Debug\Exceptions->errorHandler(2, 'Invalid argumen...', 'C:\\xampp\\htdocs...', 34, Array)
#1 C:\xampp\htdocs\tasteid\system\View\View.php(214): include('C:\\xampp\\htdocs...')
#2 C:\xampp\htdocs\tasteid\system\View\View.php(217): CodeIgniter\View\View->CodeIgniter\View\{closure}()
#3 C:\xampp\htdocs\tasteid\system\Common.php(1097): CodeIgniter\View\View->render('hasil_pencarian', Array, true)
#4 C:\xampp\htdocs\tasteid\app\Controllers\Resep.php(62): view('hasil_pencarian', Array)
#5 C:\xampp\htdocs\tasteid\system\CodeIgniter.php(824): App\Controllers\Resep->search()
#6 C:\xampp\htdocs\tasteid\system\CodeIgniter.php(410): CodeIgniter\CodeIgniter->runController(Object(App\Controllers\Resep))
#7 C:\xampp\htdocs\tasteid\system\CodeIgniter.php(318): CodeIgniter\CodeIgniter->handleRequest(NULL, Object(Config\Cache), false)
#8 C:\xampp\htdocs\tasteid\public\index.php(37): CodeIgniter\CodeIgniter->run()
#9 C:\xampp\htdocs\tasteid\system\Commands\Server\rewrite.php(43): require_once('C:\\xampp\\htdocs...')
#10 {main}
CRITICAL - 2021-12-25 03:04:19 --> Invalid argument supplied for foreach()
#0 C:\xampp\htdocs\tasteid\app\Views\hasil_pencarian.php(34): CodeIgniter\Debug\Exceptions->errorHandler(2, 'Invalid argumen...', 'C:\\xampp\\htdocs...', 34, Array)
#1 C:\xampp\htdocs\tasteid\system\View\View.php(214): include('C:\\xampp\\htdocs...')
#2 C:\xampp\htdocs\tasteid\system\View\View.php(217): CodeIgniter\View\View->CodeIgniter\View\{closure}()
#3 C:\xampp\htdocs\tasteid\system\Common.php(1097): CodeIgniter\View\View->render('hasil_pencarian', Array, true)
#4 C:\xampp\htdocs\tasteid\app\Controllers\Resep.php(63): view('hasil_pencarian', Array)
#5 C:\xampp\htdocs\tasteid\system\CodeIgniter.php(824): App\Controllers\Resep->search()
#6 C:\xampp\htdocs\tasteid\system\CodeIgniter.php(410): CodeIgniter\CodeIgniter->runController(Object(App\Controllers\Resep))
#7 C:\xampp\htdocs\tasteid\system\CodeIgniter.php(318): CodeIgniter\CodeIgniter->handleRequest(NULL, Object(Config\Cache), false)
#8 C:\xampp\htdocs\tasteid\public\index.php(37): CodeIgniter\CodeIgniter->run()
#9 C:\xampp\htdocs\tasteid\system\Commands\Server\rewrite.php(43): require_once('C:\\xampp\\htdocs...')
#10 {main}
CRITICAL - 2021-12-25 03:04:55 --> Invalid argument supplied for foreach()
#0 C:\xampp\htdocs\tasteid\app\Views\hasil_pencarian.php(34): CodeIgniter\Debug\Exceptions->errorHandler(2, 'Invalid argumen...', 'C:\\xampp\\htdocs...', 34, Array)
#1 C:\xampp\htdocs\tasteid\system\View\View.php(214): include('C:\\xampp\\htdocs...')
#2 C:\xampp\htdocs\tasteid\system\View\View.php(217): CodeIgniter\View\View->CodeIgniter\View\{closure}()
#3 C:\xampp\htdocs\tasteid\system\Common.php(1097): CodeIgniter\View\View->render('hasil_pencarian', Array, true)
#4 C:\xampp\htdocs\tasteid\app\Controllers\Resep.php(66): view('hasil_pencarian', Array)
#5 C:\xampp\htdocs\tasteid\system\CodeIgniter.php(824): App\Controllers\Resep->search()
#6 C:\xampp\htdocs\tasteid\system\CodeIgniter.php(410): CodeIgniter\CodeIgniter->runController(Object(App\Controllers\Resep))
#7 C:\xampp\htdocs\tasteid\system\CodeIgniter.php(318): CodeIgniter\CodeIgniter->handleRequest(NULL, Object(Config\Cache), false)
#8 C:\xampp\htdocs\tasteid\public\index.php(37): CodeIgniter\CodeIgniter->run()
#9 C:\xampp\htdocs\tasteid\system\Commands\Server\rewrite.php(43): require_once('C:\\xampp\\htdocs...')
#10 {main}
CRITICAL - 2021-12-25 03:05:23 --> Invalid argument supplied for foreach()
#0 C:\xampp\htdocs\tasteid\app\Views\hasil_pencarian.php(34): CodeIgniter\Debug\Exceptions->errorHandler(2, 'Invalid argumen...', 'C:\\xampp\\htdocs...', 34, Array)
#1 C:\xampp\htdocs\tasteid\system\View\View.php(214): include('C:\\xampp\\htdocs...')
#2 C:\xampp\htdocs\tasteid\system\View\View.php(217): CodeIgniter\View\View->CodeIgniter\View\{closure}()
#3 C:\xampp\htdocs\tasteid\system\Common.php(1097): CodeIgniter\View\View->render('hasil_pencarian', Array, true)
#4 C:\xampp\htdocs\tasteid\app\Controllers\Resep.php(64): view('hasil_pencarian', Array)
#5 C:\xampp\htdocs\tasteid\system\CodeIgniter.php(824): App\Controllers\Resep->search()
#6 C:\xampp\htdocs\tasteid\system\CodeIgniter.php(410): CodeIgniter\CodeIgniter->runController(Object(App\Controllers\Resep))
#7 C:\xampp\htdocs\tasteid\system\CodeIgniter.php(318): CodeIgniter\CodeIgniter->handleRequest(NULL, Object(Config\Cache), false)
#8 C:\xampp\htdocs\tasteid\public\index.php(37): CodeIgniter\CodeIgniter->run()
#9 C:\xampp\htdocs\tasteid\system\Commands\Server\rewrite.php(43): require_once('C:\\xampp\\htdocs...')
#10 {main}
CRITICAL - 2021-12-25 03:05:56 --> Invalid argument supplied for foreach()
#0 C:\xampp\htdocs\tasteid\app\Views\hasil_pencarian.php(34): CodeIgniter\Debug\Exceptions->errorHandler(2, 'Invalid argumen...', 'C:\\xampp\\htdocs...', 34, Array)
#1 C:\xampp\htdocs\tasteid\system\View\View.php(214): include('C:\\xampp\\htdocs...')
#2 C:\xampp\htdocs\tasteid\system\View\View.php(217): CodeIgniter\View\View->CodeIgniter\View\{closure}()
#3 C:\xampp\htdocs\tasteid\system\Common.php(1097): CodeIgniter\View\View->render('hasil_pencarian', Array, true)
#4 C:\xampp\htdocs\tasteid\app\Controllers\Resep.php(66): view('hasil_pencarian', Array)
#5 C:\xampp\htdocs\tasteid\system\CodeIgniter.php(824): App\Controllers\Resep->search()
#6 C:\xampp\htdocs\tasteid\system\CodeIgniter.php(410): CodeIgniter\CodeIgniter->runController(Object(App\Controllers\Resep))
#7 C:\xampp\htdocs\tasteid\system\CodeIgniter.php(318): CodeIgniter\CodeIgniter->handleRequest(NULL, Object(Config\Cache), false)
#8 C:\xampp\htdocs\tasteid\public\index.php(37): CodeIgniter\CodeIgniter->run()
#9 C:\xampp\htdocs\tasteid\system\Commands\Server\rewrite.php(43): require_once('C:\\xampp\\htdocs...')
#10 {main}
CRITICAL - 2021-12-25 03:05:57 --> Invalid argument supplied for foreach()
#0 C:\xampp\htdocs\tasteid\app\Views\hasil_pencarian.php(34): CodeIgniter\Debug\Exceptions->errorHandler(2, 'Invalid argumen...', 'C:\\xampp\\htdocs...', 34, Array)
#1 C:\xampp\htdocs\tasteid\system\View\View.php(214): include('C:\\xampp\\htdocs...')
#2 C:\xampp\htdocs\tasteid\system\View\View.php(217): CodeIgniter\View\View->CodeIgniter\View\{closure}()
#3 C:\xampp\htdocs\tasteid\system\Common.php(1097): CodeIgniter\View\View->render('hasil_pencarian', Array, true)
#4 C:\xampp\htdocs\tasteid\app\Controllers\Resep.php(66): view('hasil_pencarian', Array)
#5 C:\xampp\htdocs\tasteid\system\CodeIgniter.php(824): App\Controllers\Resep->search()
#6 C:\xampp\htdocs\tasteid\system\CodeIgniter.php(410): CodeIgniter\CodeIgniter->runController(Object(App\Controllers\Resep))
#7 C:\xampp\htdocs\tasteid\system\CodeIgniter.php(318): CodeIgniter\CodeIgniter->handleRequest(NULL, Object(Config\Cache), false)
#8 C:\xampp\htdocs\tasteid\public\index.php(37): CodeIgniter\CodeIgniter->run()
#9 C:\xampp\htdocs\tasteid\system\Commands\Server\rewrite.php(43): require_once('C:\\xampp\\htdocs...')
#10 {main}
CRITICAL - 2021-12-25 03:06:05 --> Invalid argument supplied for foreach()
#0 C:\xampp\htdocs\tasteid\app\Views\hasil_pencarian.php(34): CodeIgniter\Debug\Exceptions->errorHandler(2, 'Invalid argumen...', 'C:\\xampp\\htdocs...', 34, Array)
#1 C:\xampp\htdocs\tasteid\system\View\View.php(214): include('C:\\xampp\\htdocs...')
#2 C:\xampp\htdocs\tasteid\system\View\View.php(217): CodeIgniter\View\View->CodeIgniter\View\{closure}()
#3 C:\xampp\htdocs\tasteid\system\Common.php(1097): CodeIgniter\View\View->render('hasil_pencarian', Array, true)
#4 C:\xampp\htdocs\tasteid\app\Controllers\Resep.php(66): view('hasil_pencarian', Array)
#5 C:\xampp\htdocs\tasteid\system\CodeIgniter.php(824): App\Controllers\Resep->search()
#6 C:\xampp\htdocs\tasteid\system\CodeIgniter.php(410): CodeIgniter\CodeIgniter->runController(Object(App\Controllers\Resep))
#7 C:\xampp\htdocs\tasteid\system\CodeIgniter.php(318): CodeIgniter\CodeIgniter->handleRequest(NULL, Object(Config\Cache), false)
#8 C:\xampp\htdocs\tasteid\public\index.php(37): CodeIgniter\CodeIgniter->run()
#9 C:\xampp\htdocs\tasteid\system\Commands\Server\rewrite.php(43): require_once('C:\\xampp\\htdocs...')
#10 {main}
CRITICAL - 2021-12-25 03:06:12 --> Invalid argument supplied for foreach()
#0 C:\xampp\htdocs\tasteid\app\Views\hasil_pencarian.php(34): CodeIgniter\Debug\Exceptions->errorHandler(2, 'Invalid argumen...', 'C:\\xampp\\htdocs...', 34, Array)
#1 C:\xampp\htdocs\tasteid\system\View\View.php(214): include('C:\\xampp\\htdocs...')
#2 C:\xampp\htdocs\tasteid\system\View\View.php(217): CodeIgniter\View\View->CodeIgniter\View\{closure}()
#3 C:\xampp\htdocs\tasteid\system\Common.php(1097): CodeIgniter\View\View->render('hasil_pencarian', Array, true)
#4 C:\xampp\htdocs\tasteid\app\Controllers\Resep.php(67): view('hasil_pencarian', Array)
#5 C:\xampp\htdocs\tasteid\system\CodeIgniter.php(824): App\Controllers\Resep->search()
#6 C:\xampp\htdocs\tasteid\system\CodeIgniter.php(410): CodeIgniter\CodeIgniter->runController(Object(App\Controllers\Resep))
#7 C:\xampp\htdocs\tasteid\system\CodeIgniter.php(318): CodeIgniter\CodeIgniter->handleRequest(NULL, Object(Config\Cache), false)
#8 C:\xampp\htdocs\tasteid\public\index.php(37): CodeIgniter\CodeIgniter->run()
#9 C:\xampp\htdocs\tasteid\system\Commands\Server\rewrite.php(43): require_once('C:\\xampp\\htdocs...')
#10 {main}
CRITICAL - 2021-12-25 03:06:14 --> Invalid argument supplied for foreach()
#0 C:\xampp\htdocs\tasteid\app\Views\hasil_pencarian.php(34): CodeIgniter\Debug\Exceptions->errorHandler(2, 'Invalid argumen...', 'C:\\xampp\\htdocs...', 34, Array)
#1 C:\xampp\htdocs\tasteid\system\View\View.php(214): include('C:\\xampp\\htdocs...')
#2 C:\xampp\htdocs\tasteid\system\View\View.php(217): CodeIgniter\View\View->CodeIgniter\View\{closure}()
#3 C:\xampp\htdocs\tasteid\system\Common.php(1097): CodeIgniter\View\View->render('hasil_pencarian', Array, true)
#4 C:\xampp\htdocs\tasteid\app\Controllers\Resep.php(67): view('hasil_pencarian', Array)
#5 C:\xampp\htdocs\tasteid\system\CodeIgniter.php(824): App\Controllers\Resep->search()
#6 C:\xampp\htdocs\tasteid\system\CodeIgniter.php(410): CodeIgniter\CodeIgniter->runController(Object(App\Controllers\Resep))
#7 C:\xampp\htdocs\tasteid\system\CodeIgniter.php(318): CodeIgniter\CodeIgniter->handleRequest(NULL, Object(Config\Cache), false)
#8 C:\xampp\htdocs\tasteid\public\index.php(37): CodeIgniter\CodeIgniter->run()
#9 C:\xampp\htdocs\tasteid\system\Commands\Server\rewrite.php(43): require_once('C:\\xampp\\htdocs...')
#10 {main}
CRITICAL - 2021-12-25 03:06:14 --> Invalid argument supplied for foreach()
#0 C:\xampp\htdocs\tasteid\app\Views\hasil_pencarian.php(34): CodeIgniter\Debug\Exceptions->errorHandler(2, 'Invalid argumen...', 'C:\\xampp\\htdocs...', 34, Array)
#1 C:\xampp\htdocs\tasteid\system\View\View.php(214): include('C:\\xampp\\htdocs...')
#2 C:\xampp\htdocs\tasteid\system\View\View.php(217): CodeIgniter\View\View->CodeIgniter\View\{closure}()
#3 C:\xampp\htdocs\tasteid\system\Common.php(1097): CodeIgniter\View\View->render('hasil_pencarian', Array, true)
#4 C:\xampp\htdocs\tasteid\app\Controllers\Resep.php(67): view('hasil_pencarian', Array)
#5 C:\xampp\htdocs\tasteid\system\CodeIgniter.php(824): App\Controllers\Resep->search()
#6 C:\xampp\htdocs\tasteid\system\CodeIgniter.php(410): CodeIgniter\CodeIgniter->runController(Object(App\Controllers\Resep))
#7 C:\xampp\htdocs\tasteid\system\CodeIgniter.php(318): CodeIgniter\CodeIgniter->handleRequest(NULL, Object(Config\Cache), false)
#8 C:\xampp\htdocs\tasteid\public\index.php(37): CodeIgniter\CodeIgniter->run()
#9 C:\xampp\htdocs\tasteid\system\Commands\Server\rewrite.php(43): require_once('C:\\xampp\\htdocs...')
#10 {main}
CRITICAL - 2021-12-25 03:06:18 --> Invalid argument supplied for foreach()
#0 C:\xampp\htdocs\tasteid\app\Views\hasil_pencarian.php(34): CodeIgniter\Debug\Exceptions->errorHandler(2, 'Invalid argumen...', 'C:\\xampp\\htdocs...', 34, Array)
#1 C:\xampp\htdocs\tasteid\system\View\View.php(214): include('C:\\xampp\\htdocs...')
#2 C:\xampp\htdocs\tasteid\system\View\View.php(217): CodeIgniter\View\View->CodeIgniter\View\{closure}()
#3 C:\xampp\htdocs\tasteid\system\Common.php(1097): CodeIgniter\View\View->render('hasil_pencarian', Array, true)
#4 C:\xampp\htdocs\tasteid\app\Controllers\Resep.php(67): view('hasil_pencarian', Array)
#5 C:\xampp\htdocs\tasteid\system\CodeIgniter.php(824): App\Controllers\Resep->search()
#6 C:\xampp\htdocs\tasteid\system\CodeIgniter.php(410): CodeIgniter\CodeIgniter->runController(Object(App\Controllers\Resep))
#7 C:\xampp\htdocs\tasteid\system\CodeIgniter.php(318): CodeIgniter\CodeIgniter->handleRequest(NULL, Object(Config\Cache), false)
#8 C:\xampp\htdocs\tasteid\public\index.php(37): CodeIgniter\CodeIgniter->run()
#9 C:\xampp\htdocs\tasteid\system\Commands\Server\rewrite.php(43): require_once('C:\\xampp\\htdocs...')
#10 {main}
CRITICAL - 2021-12-25 03:07:04 --> Invalid argument supplied for foreach()
#0 C:\xampp\htdocs\tasteid\app\Views\hasil_pencarian.php(34): CodeIgniter\Debug\Exceptions->errorHandler(2, 'Invalid argumen...', 'C:\\xampp\\htdocs...', 34, Array)
#1 C:\xampp\htdocs\tasteid\system\View\View.php(214): include('C:\\xampp\\htdocs...')
#2 C:\xampp\htdocs\tasteid\system\View\View.php(217): CodeIgniter\View\View->CodeIgniter\View\{closure}()
#3 C:\xampp\htdocs\tasteid\system\Common.php(1097): CodeIgniter\View\View->render('hasil_pencarian', Array, true)
#4 C:\xampp\htdocs\tasteid\app\Controllers\Resep.php(67): view('hasil_pencarian', Array)
#5 C:\xampp\htdocs\tasteid\system\CodeIgniter.php(824): App\Controllers\Resep->search()
#6 C:\xampp\htdocs\tasteid\system\CodeIgniter.php(410): CodeIgniter\CodeIgniter->runController(Object(App\Controllers\Resep))
#7 C:\xampp\htdocs\tasteid\system\CodeIgniter.php(318): CodeIgniter\CodeIgniter->handleRequest(NULL, Object(Config\Cache), false)
#8 C:\xampp\htdocs\tasteid\public\index.php(37): CodeIgniter\CodeIgniter->run()
#9 C:\xampp\htdocs\tasteid\system\Commands\Server\rewrite.php(43): require_once('C:\\xampp\\htdocs...')
#10 {main}
CRITICAL - 2021-12-25 03:07:05 --> Invalid argument supplied for foreach()
#0 C:\xampp\htdocs\tasteid\app\Views\hasil_pencarian.php(34): CodeIgniter\Debug\Exceptions->errorHandler(2, 'Invalid argumen...', 'C:\\xampp\\htdocs...', 34, Array)
#1 C:\xampp\htdocs\tasteid\system\View\View.php(214): include('C:\\xampp\\htdocs...')
#2 C:\xampp\htdocs\tasteid\system\View\View.php(217): CodeIgniter\View\View->CodeIgniter\View\{closure}()
#3 C:\xampp\htdocs\tasteid\system\Common.php(1097): CodeIgniter\View\View->render('hasil_pencarian', Array, true)
#4 C:\xampp\htdocs\tasteid\app\Controllers\Resep.php(67): view('hasil_pencarian', Array)
#5 C:\xampp\htdocs\tasteid\system\CodeIgniter.php(824): App\Controllers\Resep->search('a')
#6 C:\xampp\htdocs\tasteid\system\CodeIgniter.php(410): CodeIgniter\CodeIgniter->runController(Object(App\Controllers\Resep))
#7 C:\xampp\htdocs\tasteid\system\CodeIgniter.php(318): CodeIgniter\CodeIgniter->handleRequest(NULL, Object(Config\Cache), false)
#8 C:\xampp\htdocs\tasteid\public\index.php(37): CodeIgniter\CodeIgniter->run()
#9 C:\xampp\htdocs\tasteid\system\Commands\Server\rewrite.php(43): require_once('C:\\xampp\\htdocs...')
#10 {main}
CRITICAL - 2021-12-25 03:07:05 --> Invalid argument supplied for foreach()
#0 C:\xampp\htdocs\tasteid\app\Views\hasil_pencarian.php(34): CodeIgniter\Debug\Exceptions->errorHandler(2, 'Invalid argumen...', 'C:\\xampp\\htdocs...', 34, Array)
#1 C:\xampp\htdocs\tasteid\system\View\View.php(214): include('C:\\xampp\\htdocs...')
#2 C:\xampp\htdocs\tasteid\system\View\View.php(217): CodeIgniter\View\View->CodeIgniter\View\{closure}()
#3 C:\xampp\htdocs\tasteid\system\Common.php(1097): CodeIgniter\View\View->render('hasil_pencarian', Array, true)
#4 C:\xampp\htdocs\tasteid\app\Controllers\Resep.php(67): view('hasil_pencarian', Array)
#5 C:\xampp\htdocs\tasteid\system\CodeIgniter.php(824): App\Controllers\Resep->search('a')
#6 C:\xampp\htdocs\tasteid\system\CodeIgniter.php(410): CodeIgniter\CodeIgniter->runController(Object(App\Controllers\Resep))
#7 C:\xampp\htdocs\tasteid\system\CodeIgniter.php(318): CodeIgniter\CodeIgniter->handleRequest(NULL, Object(Config\Cache), false)
#8 C:\xampp\htdocs\tasteid\public\index.php(37): CodeIgniter\CodeIgniter->run()
#9 C:\xampp\htdocs\tasteid\system\Commands\Server\rewrite.php(43): require_once('C:\\xampp\\htdocs...')
#10 {main}
CRITICAL - 2021-12-25 03:07:06 --> Invalid argument supplied for foreach()
#0 C:\xampp\htdocs\tasteid\app\Views\hasil_pencarian.php(34): CodeIgniter\Debug\Exceptions->errorHandler(2, 'Invalid argumen...', 'C:\\xampp\\htdocs...', 34, Array)
#1 C:\xampp\htdocs\tasteid\system\View\View.php(214): include('C:\\xampp\\htdocs...')
#2 C:\xampp\htdocs\tasteid\system\View\View.php(217): CodeIgniter\View\View->CodeIgniter\View\{closure}()
#3 C:\xampp\htdocs\tasteid\system\Common.php(1097): CodeIgniter\View\View->render('hasil_pencarian', Array, true)
#4 C:\xampp\htdocs\tasteid\app\Controllers\Resep.php(67): view('hasil_pencarian', Array)
#5 C:\xampp\htdocs\tasteid\system\CodeIgniter.php(824): App\Controllers\Resep->search()
#6 C:\xampp\htdocs\tasteid\system\CodeIgniter.php(410): CodeIgniter\CodeIgniter->runController(Object(App\Controllers\Resep))
#7 C:\xampp\htdocs\tasteid\system\CodeIgniter.php(318): CodeIgniter\CodeIgniter->handleRequest(NULL, Object(Config\Cache), false)
#8 C:\xampp\htdocs\tasteid\public\index.php(37): CodeIgniter\CodeIgniter->run()
#9 C:\xampp\htdocs\tasteid\system\Commands\Server\rewrite.php(43): require_once('C:\\xampp\\htdocs...')
#10 {main}
CRITICAL - 2021-12-25 03:07:09 --> Invalid argument supplied for foreach()
#0 C:\xampp\htdocs\tasteid\app\Views\hasil_pencarian.php(34): CodeIgniter\Debug\Exceptions->errorHandler(2, 'Invalid argumen...', 'C:\\xampp\\htdocs...', 34, Array)
#1 C:\xampp\htdocs\tasteid\system\View\View.php(214): include('C:\\xampp\\htdocs...')
#2 C:\xampp\htdocs\tasteid\system\View\View.php(217): CodeIgniter\View\View->CodeIgniter\View\{closure}()
#3 C:\xampp\htdocs\tasteid\system\Common.php(1097): CodeIgniter\View\View->render('hasil_pencarian', Array, true)
#4 C:\xampp\htdocs\tasteid\app\Controllers\Resep.php(67): view('hasil_pencarian', Array)
#5 C:\xampp\htdocs\tasteid\system\CodeIgniter.php(824): App\Controllers\Resep->search()
#6 C:\xampp\htdocs\tasteid\system\CodeIgniter.php(410): CodeIgniter\CodeIgniter->runController(Object(App\Controllers\Resep))
#7 C:\xampp\htdocs\tasteid\system\CodeIgniter.php(318): CodeIgniter\CodeIgniter->handleRequest(NULL, Object(Config\Cache), false)
#8 C:\xampp\htdocs\tasteid\public\index.php(37): CodeIgniter\CodeIgniter->run()
#9 C:\xampp\htdocs\tasteid\system\Commands\Server\rewrite.php(43): require_once('C:\\xampp\\htdocs...')
#10 {main}
CRITICAL - 2021-12-25 03:07:19 --> Invalid argument supplied for foreach()
#0 C:\xampp\htdocs\tasteid\app\Views\hasil_pencarian.php(34): CodeIgniter\Debug\Exceptions->errorHandler(2, 'Invalid argumen...', 'C:\\xampp\\htdocs...', 34, Array)
#1 C:\xampp\htdocs\tasteid\system\View\View.php(214): include('C:\\xampp\\htdocs...')
#2 C:\xampp\htdocs\tasteid\system\View\View.php(217): CodeIgniter\View\View->CodeIgniter\View\{closure}()
#3 C:\xampp\htdocs\tasteid\system\Common.php(1097): CodeIgniter\View\View->render('hasil_pencarian', Array, true)
#4 C:\xampp\htdocs\tasteid\app\Controllers\Resep.php(67): view('hasil_pencarian', Array)
#5 C:\xampp\htdocs\tasteid\system\CodeIgniter.php(824): App\Controllers\Resep->search()
#6 C:\xampp\htdocs\tasteid\system\CodeIgniter.php(410): CodeIgniter\CodeIgniter->runController(Object(App\Controllers\Resep))
#7 C:\xampp\htdocs\tasteid\system\CodeIgniter.php(318): CodeIgniter\CodeIgniter->handleRequest(NULL, Object(Config\Cache), false)
#8 C:\xampp\htdocs\tasteid\public\index.php(37): CodeIgniter\CodeIgniter->run()
#9 C:\xampp\htdocs\tasteid\system\Commands\Server\rewrite.php(43): require_once('C:\\xampp\\htdocs...')
#10 {main}
CRITICAL - 2021-12-25 03:07:58 --> Invalid argument supplied for foreach()
#0 C:\xampp\htdocs\tasteid\app\Views\hasil_pencarian.php(34): CodeIgniter\Debug\Exceptions->errorHandler(2, 'Invalid argumen...', 'C:\\xampp\\htdocs...', 34, Array)
#1 C:\xampp\htdocs\tasteid\system\View\View.php(214): include('C:\\xampp\\htdocs...')
#2 C:\xampp\htdocs\tasteid\system\View\View.php(217): CodeIgniter\View\View->CodeIgniter\View\{closure}()
#3 C:\xampp\htdocs\tasteid\system\Common.php(1097): CodeIgniter\View\View->render('hasil_pencarian', Array, true)
#4 C:\xampp\htdocs\tasteid\app\Controllers\Resep.php(67): view('hasil_pencarian', Array)
#5 C:\xampp\htdocs\tasteid\system\CodeIgniter.php(824): App\Controllers\Resep->search()
#6 C:\xampp\htdocs\tasteid\system\CodeIgniter.php(410): CodeIgniter\CodeIgniter->runController(Object(App\Controllers\Resep))
#7 C:\xampp\htdocs\tasteid\system\CodeIgniter.php(318): CodeIgniter\CodeIgniter->handleRequest(NULL, Object(Config\Cache), false)
#8 C:\xampp\htdocs\tasteid\public\index.php(37): CodeIgniter\CodeIgniter->run()
#9 C:\xampp\htdocs\tasteid\system\Commands\Server\rewrite.php(43): require_once('C:\\xampp\\htdocs...')
#10 {main}
CRITICAL - 2021-12-25 03:08:56 --> Invalid argument supplied for foreach()
#0 C:\xampp\htdocs\tasteid\app\Views\hasil_pencarian.php(34): CodeIgniter\Debug\Exceptions->errorHandler(2, 'Invalid argumen...', 'C:\\xampp\\htdocs...', 34, Array)
#1 C:\xampp\htdocs\tasteid\system\View\View.php(214): include('C:\\xampp\\htdocs...')
#2 C:\xampp\htdocs\tasteid\system\View\View.php(217): CodeIgniter\View\View->CodeIgniter\View\{closure}()
#3 C:\xampp\htdocs\tasteid\system\Common.php(1097): CodeIgniter\View\View->render('hasil_pencarian', Array, true)
#4 C:\xampp\htdocs\tasteid\app\Controllers\Resep.php(67): view('hasil_pencarian', Array)
#5 C:\xampp\htdocs\tasteid\system\CodeIgniter.php(824): App\Controllers\Resep->search()
#6 C:\xampp\htdocs\tasteid\system\CodeIgniter.php(410): CodeIgniter\CodeIgniter->runController(Object(App\Controllers\Resep))
#7 C:\xampp\htdocs\tasteid\system\CodeIgniter.php(318): CodeIgniter\CodeIgniter->handleRequest(NULL, Object(Config\Cache), false)
#8 C:\xampp\htdocs\tasteid\public\index.php(37): CodeIgniter\CodeIgniter->run()
#9 C:\xampp\htdocs\tasteid\system\Commands\Server\rewrite.php(43): require_once('C:\\xampp\\htdocs...')
#10 {main}
CRITICAL - 2021-12-25 03:09:50 --> Invalid argument supplied for foreach()
#0 C:\xampp\htdocs\tasteid\app\Views\hasil_pencarian.php(34): CodeIgniter\Debug\Exceptions->errorHandler(2, 'Invalid argumen...', 'C:\\xampp\\htdocs...', 34, Array)
#1 C:\xampp\htdocs\tasteid\system\View\View.php(214): include('C:\\xampp\\htdocs...')
#2 C:\xampp\htdocs\tasteid\system\View\View.php(217): CodeIgniter\View\View->CodeIgniter\View\{closure}()
#3 C:\xampp\htdocs\tasteid\system\Common.php(1097): CodeIgniter\View\View->render('hasil_pencarian', Array, true)
#4 C:\xampp\htdocs\tasteid\app\Controllers\Resep.php(67): view('hasil_pencarian', Array)
#5 C:\xampp\htdocs\tasteid\system\CodeIgniter.php(824): App\Controllers\Resep->search()
#6 C:\xampp\htdocs\tasteid\system\CodeIgniter.php(410): CodeIgniter\CodeIgniter->runController(Object(App\Controllers\Resep))
#7 C:\xampp\htdocs\tasteid\system\CodeIgniter.php(318): CodeIgniter\CodeIgniter->handleRequest(NULL, Object(Config\Cache), false)
#8 C:\xampp\htdocs\tasteid\public\index.php(37): CodeIgniter\CodeIgniter->run()
#9 C:\xampp\htdocs\tasteid\system\Commands\Server\rewrite.php(43): require_once('C:\\xampp\\htdocs...')
#10 {main}
CRITICAL - 2021-12-25 03:10:39 --> Invalid argument supplied for foreach()
#0 C:\xampp\htdocs\tasteid\app\Views\hasil_pencarian.php(35): CodeIgniter\Debug\Exceptions->errorHandler(2, 'Invalid argumen...', 'C:\\xampp\\htdocs...', 35, Array)
#1 C:\xampp\htdocs\tasteid\system\View\View.php(214): include('C:\\xampp\\htdocs...')
#2 C:\xampp\htdocs\tasteid\system\View\View.php(217): CodeIgniter\View\View->CodeIgniter\View\{closure}()
#3 C:\xampp\htdocs\tasteid\system\Common.php(1097): CodeIgniter\View\View->render('hasil_pencarian', Array, true)
#4 C:\xampp\htdocs\tasteid\app\Controllers\Resep.php(67): view('hasil_pencarian', Array)
#5 C:\xampp\htdocs\tasteid\system\CodeIgniter.php(824): App\Controllers\Resep->search()
#6 C:\xampp\htdocs\tasteid\system\CodeIgniter.php(410): CodeIgniter\CodeIgniter->runController(Object(App\Controllers\Resep))
#7 C:\xampp\htdocs\tasteid\system\CodeIgniter.php(318): CodeIgniter\CodeIgniter->handleRequest(NULL, Object(Config\Cache), false)
#8 C:\xampp\htdocs\tasteid\public\index.php(37): CodeIgniter\CodeIgniter->run()
#9 C:\xampp\htdocs\tasteid\system\Commands\Server\rewrite.php(43): require_once('C:\\xampp\\htdocs...')
#10 {main}
CRITICAL - 2021-12-25 03:10:40 --> Invalid argument supplied for foreach()
#0 C:\xampp\htdocs\tasteid\app\Views\hasil_pencarian.php(35): CodeIgniter\Debug\Exceptions->errorHandler(2, 'Invalid argumen...', 'C:\\xampp\\htdocs...', 35, Array)
#1 C:\xampp\htdocs\tasteid\system\View\View.php(214): include('C:\\xampp\\htdocs...')
#2 C:\xampp\htdocs\tasteid\system\View\View.php(217): CodeIgniter\View\View->CodeIgniter\View\{closure}()
#3 C:\xampp\htdocs\tasteid\system\Common.php(1097): CodeIgniter\View\View->render('hasil_pencarian', Array, true)
#4 C:\xampp\htdocs\tasteid\app\Controllers\Resep.php(67): view('hasil_pencarian', Array)
#5 C:\xampp\htdocs\tasteid\system\CodeIgniter.php(824): App\Controllers\Resep->search()
#6 C:\xampp\htdocs\tasteid\system\CodeIgniter.php(410): CodeIgniter\CodeIgniter->runController(Object(App\Controllers\Resep))
#7 C:\xampp\htdocs\tasteid\system\CodeIgniter.php(318): CodeIgniter\CodeIgniter->handleRequest(NULL, Object(Config\Cache), false)
#8 C:\xampp\htdocs\tasteid\public\index.php(37): CodeIgniter\CodeIgniter->run()
#9 C:\xampp\htdocs\tasteid\system\Commands\Server\rewrite.php(43): require_once('C:\\xampp\\htdocs...')
#10 {main}
CRITICAL - 2021-12-25 03:15:08 --> Invalid argument supplied for foreach()
#0 C:\xampp\htdocs\tasteid\app\Views\hasil_pencarian.php(35): CodeIgniter\Debug\Exceptions->errorHandler(2, 'Invalid argumen...', 'C:\\xampp\\htdocs...', 35, Array)
#1 C:\xampp\htdocs\tasteid\system\View\View.php(214): include('C:\\xampp\\htdocs...')
#2 C:\xampp\htdocs\tasteid\system\View\View.php(217): CodeIgniter\View\View->CodeIgniter\View\{closure}()
#3 C:\xampp\htdocs\tasteid\system\Common.php(1097): CodeIgniter\View\View->render('hasil_pencarian', Array, true)
#4 C:\xampp\htdocs\tasteid\app\Controllers\Resep.php(69): view('hasil_pencarian', Array)
#5 C:\xampp\htdocs\tasteid\system\CodeIgniter.php(824): App\Controllers\Resep->search()
#6 C:\xampp\htdocs\tasteid\system\CodeIgniter.php(410): CodeIgniter\CodeIgniter->runController(Object(App\Controllers\Resep))
#7 C:\xampp\htdocs\tasteid\system\CodeIgniter.php(318): CodeIgniter\CodeIgniter->handleRequest(NULL, Object(Config\Cache), false)
#8 C:\xampp\htdocs\tasteid\public\index.php(37): CodeIgniter\CodeIgniter->run()
#9 C:\xampp\htdocs\tasteid\system\Commands\Server\rewrite.php(43): require_once('C:\\xampp\\htdocs...')
#10 {main}
CRITICAL - 2021-12-25 03:16:28 --> Invalid argument supplied for foreach()
#0 C:\xampp\htdocs\tasteid\app\Views\hasil_pencarian.php(35): CodeIgniter\Debug\Exceptions->errorHandler(2, 'Invalid argumen...', 'C:\\xampp\\htdocs...', 35, Array)
#1 C:\xampp\htdocs\tasteid\system\View\View.php(214): include('C:\\xampp\\htdocs...')
#2 C:\xampp\htdocs\tasteid\system\View\View.php(217): CodeIgniter\View\View->CodeIgniter\View\{closure}()
#3 C:\xampp\htdocs\tasteid\system\Common.php(1097): CodeIgniter\View\View->render('hasil_pencarian', Array, true)
#4 C:\xampp\htdocs\tasteid\app\Controllers\Resep.php(69): view('hasil_pencarian', Array)
#5 C:\xampp\htdocs\tasteid\system\CodeIgniter.php(824): App\Controllers\Resep->search()
#6 C:\xampp\htdocs\tasteid\system\CodeIgniter.php(410): CodeIgniter\CodeIgniter->runController(Object(App\Controllers\Resep))
#7 C:\xampp\htdocs\tasteid\system\CodeIgniter.php(318): CodeIgniter\CodeIgniter->handleRequest(NULL, Object(Config\Cache), false)
#8 C:\xampp\htdocs\tasteid\public\index.php(37): CodeIgniter\CodeIgniter->run()
#9 C:\xampp\htdocs\tasteid\system\Commands\Server\rewrite.php(43): require_once('C:\\xampp\\htdocs...')
#10 {main}
CRITICAL - 2021-12-25 03:17:15 --> Invalid argument supplied for foreach()
#0 C:\xampp\htdocs\tasteid\app\Views\hasil_pencarian.php(35): CodeIgniter\Debug\Exceptions->errorHandler(2, 'Invalid argumen...', 'C:\\xampp\\htdocs...', 35, Array)
#1 C:\xampp\htdocs\tasteid\system\View\View.php(214): include('C:\\xampp\\htdocs...')
#2 C:\xampp\htdocs\tasteid\system\View\View.php(217): CodeIgniter\View\View->CodeIgniter\View\{closure}()
#3 C:\xampp\htdocs\tasteid\system\Common.php(1097): CodeIgniter\View\View->render('hasil_pencarian', Array, true)
#4 C:\xampp\htdocs\tasteid\app\Controllers\Resep.php(67): view('hasil_pencarian', Array)
#5 C:\xampp\htdocs\tasteid\system\CodeIgniter.php(824): App\Controllers\Resep->search()
#6 C:\xampp\htdocs\tasteid\system\CodeIgniter.php(410): CodeIgniter\CodeIgniter->runController(Object(App\Controllers\Resep))
#7 C:\xampp\htdocs\tasteid\system\CodeIgniter.php(318): CodeIgniter\CodeIgniter->handleRequest(NULL, Object(Config\Cache), false)
#8 C:\xampp\htdocs\tasteid\public\index.php(37): CodeIgniter\CodeIgniter->run()
#9 C:\xampp\htdocs\tasteid\system\Commands\Server\rewrite.php(43): require_once('C:\\xampp\\htdocs...')
#10 {main}
CRITICAL - 2021-12-25 03:17:18 --> Invalid argument supplied for foreach()
#0 C:\xampp\htdocs\tasteid\app\Views\hasil_pencarian.php(35): CodeIgniter\Debug\Exceptions->errorHandler(2, 'Invalid argumen...', 'C:\\xampp\\htdocs...', 35, Array)
#1 C:\xampp\htdocs\tasteid\system\View\View.php(214): include('C:\\xampp\\htdocs...')
#2 C:\xampp\htdocs\tasteid\system\View\View.php(217): CodeIgniter\View\View->CodeIgniter\View\{closure}()
#3 C:\xampp\htdocs\tasteid\system\Common.php(1097): CodeIgniter\View\View->render('hasil_pencarian', Array, true)
#4 C:\xampp\htdocs\tasteid\app\Controllers\Resep.php(67): view('hasil_pencarian', Array)
#5 C:\xampp\htdocs\tasteid\system\CodeIgniter.php(824): App\Controllers\Resep->search()
#6 C:\xampp\htdocs\tasteid\system\CodeIgniter.php(410): CodeIgniter\CodeIgniter->runController(Object(App\Controllers\Resep))
#7 C:\xampp\htdocs\tasteid\system\CodeIgniter.php(318): CodeIgniter\CodeIgniter->handleRequest(NULL, Object(Config\Cache), false)
#8 C:\xampp\htdocs\tasteid\public\index.php(37): CodeIgniter\CodeIgniter->run()
#9 C:\xampp\htdocs\tasteid\system\Commands\Server\rewrite.php(43): require_once('C:\\xampp\\htdocs...')
#10 {main}
CRITICAL - 2021-12-25 03:17:18 --> Invalid argument supplied for foreach()
#0 C:\xampp\htdocs\tasteid\app\Views\hasil_pencarian.php(35): CodeIgniter\Debug\Exceptions->errorHandler(2, 'Invalid argumen...', 'C:\\xampp\\htdocs...', 35, Array)
#1 C:\xampp\htdocs\tasteid\system\View\View.php(214): include('C:\\xampp\\htdocs...')
#2 C:\xampp\htdocs\tasteid\system\View\View.php(217): CodeIgniter\View\View->CodeIgniter\View\{closure}()
#3 C:\xampp\htdocs\tasteid\system\Common.php(1097): CodeIgniter\View\View->render('hasil_pencarian', Array, true)
#4 C:\xampp\htdocs\tasteid\app\Controllers\Resep.php(67): view('hasil_pencarian', Array)
#5 C:\xampp\htdocs\tasteid\system\CodeIgniter.php(824): App\Controllers\Resep->search()
#6 C:\xampp\htdocs\tasteid\system\CodeIgniter.php(410): CodeIgniter\CodeIgniter->runController(Object(App\Controllers\Resep))
#7 C:\xampp\htdocs\tasteid\system\CodeIgniter.php(318): CodeIgniter\CodeIgniter->handleRequest(NULL, Object(Config\Cache), false)
#8 C:\xampp\htdocs\tasteid\public\index.php(37): CodeIgniter\CodeIgniter->run()
#9 C:\xampp\htdocs\tasteid\system\Commands\Server\rewrite.php(43): require_once('C:\\xampp\\htdocs...')
#10 {main}
CRITICAL - 2021-12-25 03:18:03 --> Invalid argument supplied for foreach()
#0 C:\xampp\htdocs\tasteid\app\Views\hasil_pencarian.php(35): CodeIgniter\Debug\Exceptions->errorHandler(2, 'Invalid argumen...', 'C:\\xampp\\htdocs...', 35, Array)
#1 C:\xampp\htdocs\tasteid\system\View\View.php(214): include('C:\\xampp\\htdocs...')
#2 C:\xampp\htdocs\tasteid\system\View\View.php(217): CodeIgniter\View\View->CodeIgniter\View\{closure}()
#3 C:\xampp\htdocs\tasteid\system\Common.php(1097): CodeIgniter\View\View->render('hasil_pencarian', Array, true)
#4 C:\xampp\htdocs\tasteid\app\Controllers\Resep.php(67): view('hasil_pencarian', Array)
#5 C:\xampp\htdocs\tasteid\system\CodeIgniter.php(824): App\Controllers\Resep->search()
#6 C:\xampp\htdocs\tasteid\system\CodeIgniter.php(410): CodeIgniter\CodeIgniter->runController(Object(App\Controllers\Resep))
#7 C:\xampp\htdocs\tasteid\system\CodeIgniter.php(318): CodeIgniter\CodeIgniter->handleRequest(NULL, Object(Config\Cache), false)
#8 C:\xampp\htdocs\tasteid\public\index.php(37): CodeIgniter\CodeIgniter->run()
#9 C:\xampp\htdocs\tasteid\system\Commands\Server\rewrite.php(43): require_once('C:\\xampp\\htdocs...')
#10 {main}
CRITICAL - 2021-12-25 03:23:56 --> Too few arguments to function App\Controllers\Resep::App\Controllers\{closure}(), 1 passed and exactly 2 expected
#0 [internal function]: App\Controllers\Resep->App\Controllers\{closure}(Array)
#1 C:\xampp\htdocs\tasteid\app\Controllers\Resep.php(56): array_filter(Array, Object(Closure))
#2 C:\xampp\htdocs\tasteid\system\CodeIgniter.php(824): App\Controllers\Resep->search()
#3 C:\xampp\htdocs\tasteid\system\CodeIgniter.php(410): CodeIgniter\CodeIgniter->runController(Object(App\Controllers\Resep))
#4 C:\xampp\htdocs\tasteid\system\CodeIgniter.php(318): CodeIgniter\CodeIgniter->handleRequest(NULL, Object(Config\Cache), false)
#5 C:\xampp\htdocs\tasteid\public\index.php(37): CodeIgniter\CodeIgniter->run()
#6 C:\xampp\htdocs\tasteid\system\Commands\Server\rewrite.php(43): require_once('C:\\xampp\\htdocs...')
#7 {main}
CRITICAL - 2021-12-25 03:30:26 --> Too few arguments to function App\Controllers\Resep::App\Controllers\{closure}(), 1 passed and exactly 2 expected
#0 [internal function]: App\Controllers\Resep->App\Controllers\{closure}(Array)
#1 C:\xampp\htdocs\tasteid\app\Controllers\Resep.php(59): array_filter(Array, Object(Closure))
#2 C:\xampp\htdocs\tasteid\system\CodeIgniter.php(824): App\Controllers\Resep->search()
#3 C:\xampp\htdocs\tasteid\system\CodeIgniter.php(410): CodeIgniter\CodeIgniter->runController(Object(App\Controllers\Resep))
#4 C:\xampp\htdocs\tasteid\system\CodeIgniter.php(318): CodeIgniter\CodeIgniter->handleRequest(NULL, Object(Config\Cache), false)
#5 C:\xampp\htdocs\tasteid\public\index.php(37): CodeIgniter\CodeIgniter->run()
#6 C:\xampp\htdocs\tasteid\system\Commands\Server\rewrite.php(43): require_once('C:\\xampp\\htdocs...')
#7 {main}
CRITICAL - 2021-12-25 03:48:21 --> array_map(): Expected parameter 2 to be an array, null given
#0 [internal function]: CodeIgniter\Debug\Exceptions->errorHandler(2, 'array_map(): Ex...', 'C:\\xampp\\htdocs...', 63, Array)
#1 C:\xampp\htdocs\tasteid\app\Controllers\Resep.php(63): array_map(Object(Closure), NULL)
#2 [internal function]: App\Controllers\Resep->App\Controllers\{closure}(Array)
#3 C:\xampp\htdocs\tasteid\app\Controllers\Resep.php(63): array_filter(Array, Object(Closure))
#4 C:\xampp\htdocs\tasteid\system\CodeIgniter.php(824): App\Controllers\Resep->search()
#5 C:\xampp\htdocs\tasteid\system\CodeIgniter.php(410): CodeIgniter\CodeIgniter->runController(Object(App\Controllers\Resep))
#6 C:\xampp\htdocs\tasteid\system\CodeIgniter.php(318): CodeIgniter\CodeIgniter->handleRequest(NULL, Object(Config\Cache), false)
#7 C:\xampp\htdocs\tasteid\public\index.php(37): CodeIgniter\CodeIgniter->run()
#8 C:\xampp\htdocs\tasteid\system\Commands\Server\rewrite.php(43): require_once('C:\\xampp\\htdocs...')
#9 {main}
CRITICAL - 2021-12-25 03:48:53 --> array_map(): Expected parameter 2 to be an array, null given
#0 [internal function]: CodeIgniter\Debug\Exceptions->errorHandler(2, 'array_map(): Ex...', 'C:\\xampp\\htdocs...', 62, Array)
#1 C:\xampp\htdocs\tasteid\app\Controllers\Resep.php(62): array_map(Object(Closure), NULL)
#2 C:\xampp\htdocs\tasteid\system\CodeIgniter.php(824): App\Controllers\Resep->search()
#3 C:\xampp\htdocs\tasteid\system\CodeIgniter.php(410): CodeIgniter\CodeIgniter->runController(Object(App\Controllers\Resep))
#4 C:\xampp\htdocs\tasteid\system\CodeIgniter.php(318): CodeIgniter\CodeIgniter->handleRequest(NULL, Object(Config\Cache), false)
#5 C:\xampp\htdocs\tasteid\public\index.php(37): CodeIgniter\CodeIgniter->run()
#6 C:\xampp\htdocs\tasteid\system\Commands\Server\rewrite.php(43): require_once('C:\\xampp\\htdocs...')
#7 {main}
CRITICAL - 2021-12-25 03:52:22 --> array_map(): Expected parameter 2 to be an array, null given
#0 [internal function]: CodeIgniter\Debug\Exceptions->errorHandler(2, 'array_map(): Ex...', 'C:\\xampp\\htdocs...', 62, Array)
#1 C:\xampp\htdocs\tasteid\app\Controllers\Resep.php(62): array_map(Object(Closure), NULL)
#2 C:\xampp\htdocs\tasteid\system\CodeIgniter.php(824): App\Controllers\Resep->search()
#3 C:\xampp\htdocs\tasteid\system\CodeIgniter.php(410): CodeIgniter\CodeIgniter->runController(Object(App\Controllers\Resep))
#4 C:\xampp\htdocs\tasteid\system\CodeIgniter.php(318): CodeIgniter\CodeIgniter->handleRequest(NULL, Object(Config\Cache), false)
#5 C:\xampp\htdocs\tasteid\public\index.php(37): CodeIgniter\CodeIgniter->run()
#6 C:\xampp\htdocs\tasteid\system\Commands\Server\rewrite.php(43): require_once('C:\\xampp\\htdocs...')
#7 {main}
CRITICAL - 2021-12-25 03:52:39 --> Illegal string offset 'nama_bahan'
#0 C:\xampp\htdocs\tasteid\app\Controllers\Resep.php(62): CodeIgniter\Debug\Exceptions->errorHandler(2, 'Illegal string ...', 'C:\\xampp\\htdocs...', 62, Array)
#1 [internal function]: App\Controllers\Resep->App\Controllers\{closure}('7')
#2 C:\xampp\htdocs\tasteid\app\Controllers\Resep.php(61): array_map(Object(Closure), Array)
#3 [internal function]: App\Controllers\Resep->App\Controllers\{closure}(Array)
#4 C:\xampp\htdocs\tasteid\app\Controllers\Resep.php(63): array_filter(Array, Object(Closure))
#5 C:\xampp\htdocs\tasteid\system\CodeIgniter.php(824): App\Controllers\Resep->search()
#6 C:\xampp\htdocs\tasteid\system\CodeIgniter.php(410): CodeIgniter\CodeIgniter->runController(Object(App\Controllers\Resep))
#7 C:\xampp\htdocs\tasteid\system\CodeIgniter.php(318): CodeIgniter\CodeIgniter->handleRequest(NULL, Object(Config\Cache), false)
#8 C:\xampp\htdocs\tasteid\public\index.php(37): CodeIgniter\CodeIgniter->run()
#9 C:\xampp\htdocs\tasteid\system\Commands\Server\rewrite.php(43): require_once('C:\\xampp\\htdocs...')
#10 {main}
CRITICAL - 2021-12-25 04:32:45 --> Call to a member function segment() on null
#0 C:\xampp\htdocs\tasteid\system\View\View.php(214): include()
#1 C:\xampp\htdocs\tasteid\system\View\View.php(217): CodeIgniter\View\View->CodeIgniter\View\{closure}()
#2 C:\xampp\htdocs\tasteid\system\Common.php(1097): CodeIgniter\View\View->render('admin/backendte...', Array, true)
#3 C:\xampp\htdocs\tasteid\app\Controllers\Admin.php(20): view('admin/backendte...')
#4 C:\xampp\htdocs\tasteid\system\CodeIgniter.php(824): App\Controllers\Admin->index()
#5 C:\xampp\htdocs\tasteid\system\CodeIgniter.php(410): CodeIgniter\CodeIgniter->runController(Object(App\Controllers\Admin))
#6 C:\xampp\htdocs\tasteid\system\CodeIgniter.php(318): CodeIgniter\CodeIgniter->handleRequest(NULL, Object(Config\Cache), false)
#7 C:\xampp\htdocs\tasteid\public\index.php(37): CodeIgniter\CodeIgniter->run()
#8 C:\xampp\htdocs\tasteid\system\Commands\Server\rewrite.php(43): require_once('C:\\xampp\\htdocs...')
#9 {main}
CRITICAL - 2021-12-25 04:34:00 --> Call to a member function segment() on null
#0 C:\xampp\htdocs\tasteid\system\View\View.php(214): include()
#1 C:\xampp\htdocs\tasteid\system\View\View.php(217): CodeIgniter\View\View->CodeIgniter\View\{closure}()
#2 C:\xampp\htdocs\tasteid\system\Common.php(1097): CodeIgniter\View\View->render('admin/backendte...', Array, true)
#3 C:\xampp\htdocs\tasteid\app\Controllers\Admin.php(20): view('admin/backendte...')
#4 C:\xampp\htdocs\tasteid\system\CodeIgniter.php(824): App\Controllers\Admin->index()
#5 C:\xampp\htdocs\tasteid\system\CodeIgniter.php(410): CodeIgniter\CodeIgniter->runController(Object(App\Controllers\Admin))
#6 C:\xampp\htdocs\tasteid\system\CodeIgniter.php(318): CodeIgniter\CodeIgniter->handleRequest(NULL, Object(Config\Cache), false)
#7 C:\xampp\htdocs\tasteid\public\index.php(37): CodeIgniter\CodeIgniter->run()
#8 C:\xampp\htdocs\tasteid\system\Commands\Server\rewrite.php(43): require_once('C:\\xampp\\htdocs...')
#9 {main}
CRITICAL - 2021-12-25 04:34:29 --> Call to a member function view() on null
#0 C:\xampp\htdocs\tasteid\system\View\View.php(214): include()
#1 C:\xampp\htdocs\tasteid\system\View\View.php(217): CodeIgniter\View\View->CodeIgniter\View\{closure}()
#2 C:\xampp\htdocs\tasteid\system\Common.php(1097): CodeIgniter\View\View->render('admin/backendte...', Array, true)
#3 C:\xampp\htdocs\tasteid\app\Controllers\Admin.php(20): view('admin/backendte...')
#4 C:\xampp\htdocs\tasteid\system\CodeIgniter.php(824): App\Controllers\Admin->index()
#5 C:\xampp\htdocs\tasteid\system\CodeIgniter.php(410): CodeIgniter\CodeIgniter->runController(Object(App\Controllers\Admin))
#6 C:\xampp\htdocs\tasteid\system\CodeIgniter.php(318): CodeIgniter\CodeIgniter->handleRequest(NULL, Object(Config\Cache), false)
#7 C:\xampp\htdocs\tasteid\public\index.php(37): CodeIgniter\CodeIgniter->run()
#8 C:\xampp\htdocs\tasteid\system\Commands\Server\rewrite.php(43): require_once('C:\\xampp\\htdocs...')
#9 {main}
CRITICAL - 2021-12-25 04:35:15 --> Call to a member function view() on null
#0 C:\xampp\htdocs\tasteid\system\View\View.php(214): include()
#1 C:\xampp\htdocs\tasteid\system\View\View.php(217): CodeIgniter\View\View->CodeIgniter\View\{closure}()
#2 C:\xampp\htdocs\tasteid\system\Common.php(1097): CodeIgniter\View\View->render('admin/backendte...', Array, true)
#3 C:\xampp\htdocs\tasteid\app\Controllers\Admin.php(21): view('admin/backendte...', Array)
#4 C:\xampp\htdocs\tasteid\system\CodeIgniter.php(824): App\Controllers\Admin->index()
#5 C:\xampp\htdocs\tasteid\system\CodeIgniter.php(410): CodeIgniter\CodeIgniter->runController(Object(App\Controllers\Admin))
#6 C:\xampp\htdocs\tasteid\system\CodeIgniter.php(318): CodeIgniter\CodeIgniter->handleRequest(NULL, Object(Config\Cache), false)
#7 C:\xampp\htdocs\tasteid\public\index.php(37): CodeIgniter\CodeIgniter->run()
#8 C:\xampp\htdocs\tasteid\system\Commands\Server\rewrite.php(43): require_once('C:\\xampp\\htdocs...')
#9 {main}
CRITICAL - 2021-12-25 04:35:16 --> Call to a member function view() on null
#0 C:\xampp\htdocs\tasteid\system\View\View.php(214): include()
#1 C:\xampp\htdocs\tasteid\system\View\View.php(217): CodeIgniter\View\View->CodeIgniter\View\{closure}()
#2 C:\xampp\htdocs\tasteid\system\Common.php(1097): CodeIgniter\View\View->render('admin/backendte...', Array, true)
#3 C:\xampp\htdocs\tasteid\app\Controllers\Admin.php(21): view('admin/backendte...', Array)
#4 C:\xampp\htdocs\tasteid\system\CodeIgniter.php(824): App\Controllers\Admin->index()
#5 C:\xampp\htdocs\tasteid\system\CodeIgniter.php(410): CodeIgniter\CodeIgniter->runController(Object(App\Controllers\Admin))
#6 C:\xampp\htdocs\tasteid\system\CodeIgniter.php(318): CodeIgniter\CodeIgniter->handleRequest(NULL, Object(Config\Cache), false)
#7 C:\xampp\htdocs\tasteid\public\index.php(37): CodeIgniter\CodeIgniter->run()
#8 C:\xampp\htdocs\tasteid\system\Commands\Server\rewrite.php(43): require_once('C:\\xampp\\htdocs...')
#9 {main}
CRITICAL - 2021-12-25 04:35:17 --> Call to a member function view() on null
#0 C:\xampp\htdocs\tasteid\system\View\View.php(214): include()
#1 C:\xampp\htdocs\tasteid\system\View\View.php(217): CodeIgniter\View\View->CodeIgniter\View\{closure}()
#2 C:\xampp\htdocs\tasteid\system\Common.php(1097): CodeIgniter\View\View->render('admin/backendte...', Array, true)
#3 C:\xampp\htdocs\tasteid\app\Controllers\Admin.php(21): view('admin/backendte...', Array)
#4 C:\xampp\htdocs\tasteid\system\CodeIgniter.php(824): App\Controllers\Admin->index()
#5 C:\xampp\htdocs\tasteid\system\CodeIgniter.php(410): CodeIgniter\CodeIgniter->runController(Object(App\Controllers\Admin))
#6 C:\xampp\htdocs\tasteid\system\CodeIgniter.php(318): CodeIgniter\CodeIgniter->handleRequest(NULL, Object(Config\Cache), false)
#7 C:\xampp\htdocs\tasteid\public\index.php(37): CodeIgniter\CodeIgniter->run()
#8 C:\xampp\htdocs\tasteid\system\Commands\Server\rewrite.php(43): require_once('C:\\xampp\\htdocs...')
#9 {main}
CRITICAL - 2021-12-25 04:35:43 --> Call to a member function view() on null
#0 C:\xampp\htdocs\tasteid\system\View\View.php(214): include()
#1 C:\xampp\htdocs\tasteid\system\View\View.php(217): CodeIgniter\View\View->CodeIgniter\View\{closure}()
#2 C:\xampp\htdocs\tasteid\system\Common.php(1097): CodeIgniter\View\View->render('admin/backendte...', Array, true)
#3 C:\xampp\htdocs\tasteid\app\Controllers\Admin.php(21): view('admin/backendte...', Array)
#4 C:\xampp\htdocs\tasteid\system\CodeIgniter.php(824): App\Controllers\Admin->index()
#5 C:\xampp\htdocs\tasteid\system\CodeIgniter.php(410): CodeIgniter\CodeIgniter->runController(Object(App\Controllers\Admin))
#6 C:\xampp\htdocs\tasteid\system\CodeIgniter.php(318): CodeIgniter\CodeIgniter->handleRequest(NULL, Object(Config\Cache), false)
#7 C:\xampp\htdocs\tasteid\public\index.php(37): CodeIgniter\CodeIgniter->run()
#8 C:\xampp\htdocs\tasteid\system\Commands\Server\rewrite.php(43): require_once('C:\\xampp\\htdocs...')
#9 {main}
CRITICAL - 2021-12-25 04:35:44 --> Call to a member function view() on null
#0 C:\xampp\htdocs\tasteid\system\View\View.php(214): include()
#1 C:\xampp\htdocs\tasteid\system\View\View.php(217): CodeIgniter\View\View->CodeIgniter\View\{closure}()
#2 C:\xampp\htdocs\tasteid\system\Common.php(1097): CodeIgniter\View\View->render('admin/backendte...', Array, true)
#3 C:\xampp\htdocs\tasteid\app\Controllers\Admin.php(21): view('admin/backendte...', Array)
#4 C:\xampp\htdocs\tasteid\system\CodeIgniter.php(824): App\Controllers\Admin->index()
#5 C:\xampp\htdocs\tasteid\system\CodeIgniter.php(410): CodeIgniter\CodeIgniter->runController(Object(App\Controllers\Admin))
#6 C:\xampp\htdocs\tasteid\system\CodeIgniter.php(318): CodeIgniter\CodeIgniter->handleRequest(NULL, Object(Config\Cache), false)
#7 C:\xampp\htdocs\tasteid\public\index.php(37): CodeIgniter\CodeIgniter->run()
#8 C:\xampp\htdocs\tasteid\system\Commands\Server\rewrite.php(43): require_once('C:\\xampp\\htdocs...')
#9 {main}
CRITICAL - 2021-12-25 04:35:45 --> Call to a member function view() on null
#0 C:\xampp\htdocs\tasteid\system\View\View.php(214): include()
#1 C:\xampp\htdocs\tasteid\system\View\View.php(217): CodeIgniter\View\View->CodeIgniter\View\{closure}()
#2 C:\xampp\htdocs\tasteid\system\Common.php(1097): CodeIgniter\View\View->render('admin/backendte...', Array, true)
#3 C:\xampp\htdocs\tasteid\app\Controllers\Admin.php(21): view('admin/backendte...', Array)
#4 C:\xampp\htdocs\tasteid\system\CodeIgniter.php(824): App\Controllers\Admin->index()
#5 C:\xampp\htdocs\tasteid\system\CodeIgniter.php(410): CodeIgniter\CodeIgniter->runController(Object(App\Controllers\Admin))
#6 C:\xampp\htdocs\tasteid\system\CodeIgniter.php(318): CodeIgniter\CodeIgniter->handleRequest(NULL, Object(Config\Cache), false)
#7 C:\xampp\htdocs\tasteid\public\index.php(37): CodeIgniter\CodeIgniter->run()
#8 C:\xampp\htdocs\tasteid\system\Commands\Server\rewrite.php(43): require_once('C:\\xampp\\htdocs...')
#9 {main}
CRITICAL - 2021-12-25 04:35:45 --> Call to a member function view() on null
#0 C:\xampp\htdocs\tasteid\system\View\View.php(214): include()
#1 C:\xampp\htdocs\tasteid\system\View\View.php(217): CodeIgniter\View\View->CodeIgniter\View\{closure}()
#2 C:\xampp\htdocs\tasteid\system\Common.php(1097): CodeIgniter\View\View->render('admin/backendte...', Array, true)
#3 C:\xampp\htdocs\tasteid\app\Controllers\Admin.php(21): view('admin/backendte...', Array)
#4 C:\xampp\htdocs\tasteid\system\CodeIgniter.php(824): App\Controllers\Admin->index()
#5 C:\xampp\htdocs\tasteid\system\CodeIgniter.php(410): CodeIgniter\CodeIgniter->runController(Object(App\Controllers\Admin))
#6 C:\xampp\htdocs\tasteid\system\CodeIgniter.php(318): CodeIgniter\CodeIgniter->handleRequest(NULL, Object(Config\Cache), false)
#7 C:\xampp\htdocs\tasteid\public\index.php(37): CodeIgniter\CodeIgniter->run()
#8 C:\xampp\htdocs\tasteid\system\Commands\Server\rewrite.php(43): require_once('C:\\xampp\\htdocs...')
#9 {main}
CRITICAL - 2021-12-25 04:35:46 --> Call to a member function view() on null
#0 C:\xampp\htdocs\tasteid\system\View\View.php(214): include()
#1 C:\xampp\htdocs\tasteid\system\View\View.php(217): CodeIgniter\View\View->CodeIgniter\View\{closure}()
#2 C:\xampp\htdocs\tasteid\system\Common.php(1097): CodeIgniter\View\View->render('admin/backendte...', Array, true)
#3 C:\xampp\htdocs\tasteid\app\Controllers\Admin.php(21): view('admin/backendte...', Array)
#4 C:\xampp\htdocs\tasteid\system\CodeIgniter.php(824): App\Controllers\Admin->index()
#5 C:\xampp\htdocs\tasteid\system\CodeIgniter.php(410): CodeIgniter\CodeIgniter->runController(Object(App\Controllers\Admin))
#6 C:\xampp\htdocs\tasteid\system\CodeIgniter.php(318): CodeIgniter\CodeIgniter->handleRequest(NULL, Object(Config\Cache), false)
#7 C:\xampp\htdocs\tasteid\public\index.php(37): CodeIgniter\CodeIgniter->run()
#8 C:\xampp\htdocs\tasteid\system\Commands\Server\rewrite.php(43): require_once('C:\\xampp\\htdocs...')
#9 {main}
CRITICAL - 2021-12-25 04:35:46 --> Call to a member function view() on null
#0 C:\xampp\htdocs\tasteid\system\View\View.php(214): include()
#1 C:\xampp\htdocs\tasteid\system\View\View.php(217): CodeIgniter\View\View->CodeIgniter\View\{closure}()
#2 C:\xampp\htdocs\tasteid\system\Common.php(1097): CodeIgniter\View\View->render('admin/backendte...', Array, true)
#3 C:\xampp\htdocs\tasteid\app\Controllers\Admin.php(21): view('admin/backendte...', Array)
#4 C:\xampp\htdocs\tasteid\system\CodeIgniter.php(824): App\Controllers\Admin->index()
#5 C:\xampp\htdocs\tasteid\system\CodeIgniter.php(410): CodeIgniter\CodeIgniter->runController(Object(App\Controllers\Admin))
#6 C:\xampp\htdocs\tasteid\system\CodeIgniter.php(318): CodeIgniter\CodeIgniter->handleRequest(NULL, Object(Config\Cache), false)
#7 C:\xampp\htdocs\tasteid\public\index.php(37): CodeIgniter\CodeIgniter->run()
#8 C:\xampp\htdocs\tasteid\system\Commands\Server\rewrite.php(43): require_once('C:\\xampp\\htdocs...')
#9 {main}
CRITICAL - 2021-12-25 04:41:14 --> Invalid argument supplied for foreach()
#0 C:\xampp\htdocs\tasteid\app\Views\admin\meal_read.php(38): CodeIgniter\Debug\Exceptions->errorHandler(2, 'Invalid argumen...', 'C:\\xampp\\htdocs...', 38, Array)
#1 C:\xampp\htdocs\tasteid\system\View\View.php(214): include('C:\\xampp\\htdocs...')
#2 C:\xampp\htdocs\tasteid\system\View\View.php(217): CodeIgniter\View\View->CodeIgniter\View\{closure}()
#3 C:\xampp\htdocs\tasteid\system\Common.php(1097): CodeIgniter\View\View->render('admin/meal_read', Array, true)
#4 C:\xampp\htdocs\tasteid\app\Views\admin\backendtemplate.php(112): view('admin/meal_read')
#5 C:\xampp\htdocs\tasteid\system\View\View.php(214): include('C:\\xampp\\htdocs...')
#6 C:\xampp\htdocs\tasteid\system\View\View.php(217): CodeIgniter\View\View->CodeIgniter\View\{closure}()
#7 C:\xampp\htdocs\tasteid\system\Common.php(1097): CodeIgniter\View\View->render('admin/backendte...', Array, true)
#8 C:\xampp\htdocs\tasteid\app\Controllers\Admin.php(21): view('admin/backendte...', Array)
#9 C:\xampp\htdocs\tasteid\system\CodeIgniter.php(824): App\Controllers\Admin->index()
#10 C:\xampp\htdocs\tasteid\system\CodeIgniter.php(410): CodeIgniter\CodeIgniter->runController(Object(App\Controllers\Admin))
#11 C:\xampp\htdocs\tasteid\system\CodeIgniter.php(318): CodeIgniter\CodeIgniter->handleRequest(NULL, Object(Config\Cache), false)
#12 C:\xampp\htdocs\tasteid\public\index.php(37): CodeIgniter\CodeIgniter->run()
#13 C:\xampp\htdocs\tasteid\system\Commands\Server\rewrite.php(43): require_once('C:\\xampp\\htdocs...')
#14 {main}
CRITICAL - 2021-12-25 04:42:49 --> Invalid argument supplied for foreach()
#0 C:\xampp\htdocs\tasteid\app\Views\admin\meal_read.php(38): CodeIgniter\Debug\Exceptions->errorHandler(2, 'Invalid argumen...', 'C:\\xampp\\htdocs...', 38, Array)
#1 C:\xampp\htdocs\tasteid\system\View\View.php(214): include('C:\\xampp\\htdocs...')
#2 C:\xampp\htdocs\tasteid\system\View\View.php(217): CodeIgniter\View\View->CodeIgniter\View\{closure}()
#3 C:\xampp\htdocs\tasteid\system\Common.php(1097): CodeIgniter\View\View->render('admin/meal_read', Array, true)
#4 C:\xampp\htdocs\tasteid\app\Views\admin\backendtemplate.php(112): view('admin/meal_read')
#5 C:\xampp\htdocs\tasteid\system\View\View.php(214): include('C:\\xampp\\htdocs...')
#6 C:\xampp\htdocs\tasteid\system\View\View.php(217): CodeIgniter\View\View->CodeIgniter\View\{closure}()
#7 C:\xampp\htdocs\tasteid\system\Common.php(1097): CodeIgniter\View\View->render('admin/backendte...', Array, true)
#8 C:\xampp\htdocs\tasteid\app\Controllers\Admin.php(21): view('admin/backendte...', Array)
#9 C:\xampp\htdocs\tasteid\system\CodeIgniter.php(824): App\Controllers\Admin->index()
#10 C:\xampp\htdocs\tasteid\system\CodeIgniter.php(410): CodeIgniter\CodeIgniter->runController(Object(App\Controllers\Admin))
#11 C:\xampp\htdocs\tasteid\system\CodeIgniter.php(318): CodeIgniter\CodeIgniter->handleRequest(NULL, Object(Config\Cache), false)
#12 C:\xampp\htdocs\tasteid\public\index.php(37): CodeIgniter\CodeIgniter->run()
#13 C:\xampp\htdocs\tasteid\system\Commands\Server\rewrite.php(43): require_once('C:\\xampp\\htdocs...')
#14 {main}
CRITICAL - 2021-12-25 04:45:58 --> Invalid file: user.php
#0 C:\xampp\htdocs\tasteid\system\View\View.php(198): CodeIgniter\Exceptions\FrameworkException::forInvalidFile('user.php')
#1 C:\xampp\htdocs\tasteid\system\Common.php(1097): CodeIgniter\View\View->render('user', Array, true)
#2 C:\xampp\htdocs\tasteid\app\Views\admin\backendtemplate.php(112): view('user')
#3 C:\xampp\htdocs\tasteid\system\View\View.php(214): include('C:\\xampp\\htdocs...')
#4 C:\xampp\htdocs\tasteid\system\View\View.php(217): CodeIgniter\View\View->CodeIgniter\View\{closure}()
#5 C:\xampp\htdocs\tasteid\system\Common.php(1097): CodeIgniter\View\View->render('admin/backendte...', Array, true)
#6 C:\xampp\htdocs\tasteid\app\Controllers\Admin.php(21): view('admin/backendte...', Array)
#7 C:\xampp\htdocs\tasteid\system\CodeIgniter.php(824): App\Controllers\Admin->index()
#8 C:\xampp\htdocs\tasteid\system\CodeIgniter.php(410): CodeIgniter\CodeIgniter->runController(Object(App\Controllers\Admin))
#9 C:\xampp\htdocs\tasteid\system\CodeIgniter.php(318): CodeIgniter\CodeIgniter->handleRequest(NULL, Object(Config\Cache), false)
#10 C:\xampp\htdocs\tasteid\public\index.php(37): CodeIgniter\CodeIgniter->run()
#11 C:\xampp\htdocs\tasteid\system\Commands\Server\rewrite.php(43): require_once('C:\\xampp\\htdocs...')
#12 {main}
CRITICAL - 2021-12-25 04:46:22 --> Call to a member function flashdata() on null
#0 C:\xampp\htdocs\tasteid\system\View\View.php(214): include()
#1 C:\xampp\htdocs\tasteid\system\View\View.php(217): CodeIgniter\View\View->CodeIgniter\View\{closure}()
#2 C:\xampp\htdocs\tasteid\system\Common.php(1097): CodeIgniter\View\View->render('admin/user', Array, true)
#3 C:\xampp\htdocs\tasteid\app\Views\admin\backendtemplate.php(112): view('admin/user')
#4 C:\xampp\htdocs\tasteid\system\View\View.php(214): include('C:\\xampp\\htdocs...')
#5 C:\xampp\htdocs\tasteid\system\View\View.php(217): CodeIgniter\View\View->CodeIgniter\View\{closure}()
#6 C:\xampp\htdocs\tasteid\system\Common.php(1097): CodeIgniter\View\View->render('admin/backendte...', Array, true)
#7 C:\xampp\htdocs\tasteid\app\Controllers\Admin.php(21): view('admin/backendte...', Array)
#8 C:\xampp\htdocs\tasteid\system\CodeIgniter.php(824): App\Controllers\Admin->index()
#9 C:\xampp\htdocs\tasteid\system\CodeIgniter.php(410): CodeIgniter\CodeIgniter->runController(Object(App\Controllers\Admin))
#10 C:\xampp\htdocs\tasteid\system\CodeIgniter.php(318): CodeIgniter\CodeIgniter->handleRequest(NULL, Object(Config\Cache), false)
#11 C:\xampp\htdocs\tasteid\public\index.php(37): CodeIgniter\CodeIgniter->run()
#12 C:\xampp\htdocs\tasteid\system\Commands\Server\rewrite.php(43): require_once('C:\\xampp\\htdocs...')
#13 {main}
CRITICAL - 2021-12-25 04:46:42 --> Invalid argument supplied for foreach()
#0 C:\xampp\htdocs\tasteid\app\Views\admin\user.php(40): CodeIgniter\Debug\Exceptions->errorHandler(2, 'Invalid argumen...', 'C:\\xampp\\htdocs...', 40, Array)
#1 C:\xampp\htdocs\tasteid\system\View\View.php(214): include('C:\\xampp\\htdocs...')
#2 C:\xampp\htdocs\tasteid\system\View\View.php(217): CodeIgniter\View\View->CodeIgniter\View\{closure}()
#3 C:\xampp\htdocs\tasteid\system\Common.php(1097): CodeIgniter\View\View->render('admin/user', Array, true)
#4 C:\xampp\htdocs\tasteid\app\Views\admin\backendtemplate.php(112): view('admin/user')
#5 C:\xampp\htdocs\tasteid\system\View\View.php(214): include('C:\\xampp\\htdocs...')
#6 C:\xampp\htdocs\tasteid\system\View\View.php(217): CodeIgniter\View\View->CodeIgniter\View\{closure}()
#7 C:\xampp\htdocs\tasteid\system\Common.php(1097): CodeIgniter\View\View->render('admin/backendte...', Array, true)
#8 C:\xampp\htdocs\tasteid\app\Controllers\Admin.php(21): view('admin/backendte...', Array)
#9 C:\xampp\htdocs\tasteid\system\CodeIgniter.php(824): App\Controllers\Admin->index()
#10 C:\xampp\htdocs\tasteid\system\CodeIgniter.php(410): CodeIgniter\CodeIgniter->runController(Object(App\Controllers\Admin))
#11 C:\xampp\htdocs\tasteid\system\CodeIgniter.php(318): CodeIgniter\CodeIgniter->handleRequest(NULL, Object(Config\Cache), false)
#12 C:\xampp\htdocs\tasteid\public\index.php(37): CodeIgniter\CodeIgniter->run()
#13 C:\xampp\htdocs\tasteid\system\Commands\Server\rewrite.php(43): require_once('C:\\xampp\\htdocs...')
#14 {main}
CRITICAL - 2021-12-25 05:12:28 --> Invalid argument supplied for foreach()
#0 C:\xampp\htdocs\tasteid\app\Views\upload_resep.php(67): CodeIgniter\Debug\Exceptions->errorHandler(2, 'Invalid argumen...', 'C:\\xampp\\htdocs...', 67, Array)
#1 C:\xampp\htdocs\tasteid\system\View\View.php(214): include('C:\\xampp\\htdocs...')
#2 C:\xampp\htdocs\tasteid\system\View\View.php(217): CodeIgniter\View\View->CodeIgniter\View\{closure}()
#3 C:\xampp\htdocs\tasteid\system\Common.php(1097): CodeIgniter\View\View->render('upload_resep', Array, true)
#4 C:\xampp\htdocs\tasteid\app\Views\admin\backendtemplate.php(102): view('upload_resep', Array)
#5 C:\xampp\htdocs\tasteid\system\View\View.php(214): include('C:\\xampp\\htdocs...')
#6 C:\xampp\htdocs\tasteid\system\View\View.php(217): CodeIgniter\View\View->CodeIgniter\View\{closure}()
#7 C:\xampp\htdocs\tasteid\system\Common.php(1097): CodeIgniter\View\View->render('admin/backendte...', Array, true)
#8 C:\xampp\htdocs\tasteid\app\Controllers\Admin.php(27): view('admin/backendte...', Array)
#9 C:\xampp\htdocs\tasteid\system\CodeIgniter.php(824): App\Controllers\Admin->resep()
#10 C:\xampp\htdocs\tasteid\system\CodeIgniter.php(410): CodeIgniter\CodeIgniter->runController(Object(App\Controllers\Admin))
#11 C:\xampp\htdocs\tasteid\system\CodeIgniter.php(318): CodeIgniter\CodeIgniter->handleRequest(NULL, Object(Config\Cache), false)
#12 C:\xampp\htdocs\tasteid\public\index.php(37): CodeIgniter\CodeIgniter->run()
#13 C:\xampp\htdocs\tasteid\system\Commands\Server\rewrite.php(43): require_once('C:\\xampp\\htdocs...')
#14 {main}
CRITICAL - 2021-12-25 05:18:43 --> Invalid file: upload_resep.php
#0 C:\xampp\htdocs\tasteid\system\View\View.php(198): CodeIgniter\Exceptions\FrameworkException::forInvalidFile('upload_resep.ph...')
#1 C:\xampp\htdocs\tasteid\system\Common.php(1097): CodeIgniter\View\View->render('upload_resep', Array, true)
#2 C:\xampp\htdocs\tasteid\app\Views\admin\backendtemplate.php(102): view('upload_resep', Array)
#3 C:\xampp\htdocs\tasteid\system\View\View.php(214): include('C:\\xampp\\htdocs...')
#4 C:\xampp\htdocs\tasteid\system\View\View.php(217): CodeIgniter\View\View->CodeIgniter\View\{closure}()
#5 C:\xampp\htdocs\tasteid\system\Common.php(1097): CodeIgniter\View\View->render('admin/backendte...', Array, true)
#6 C:\xampp\htdocs\tasteid\app\Controllers\Admin.php(28): view('admin/backendte...', Array)
#7 C:\xampp\htdocs\tasteid\system\CodeIgniter.php(824): App\Controllers\Admin->resep()
#8 C:\xampp\htdocs\tasteid\system\CodeIgniter.php(410): CodeIgniter\CodeIgniter->runController(Object(App\Controllers\Admin))
#9 C:\xampp\htdocs\tasteid\system\CodeIgniter.php(318): CodeIgniter\CodeIgniter->handleRequest(NULL, Object(Config\Cache), false)
#10 C:\xampp\htdocs\tasteid\public\index.php(37): CodeIgniter\CodeIgniter->run()
#11 C:\xampp\htdocs\tasteid\system\Commands\Server\rewrite.php(43): require_once('C:\\xampp\\htdocs...')
#12 {main}
CRITICAL - 2021-12-25 07:02:23 --> Call to undefined function form_error()
#0 C:\xampp\htdocs\tasteid\system\View\View.php(214): include()
#1 C:\xampp\htdocs\tasteid\system\View\View.php(217): CodeIgniter\View\View->CodeIgniter\View\{closure}()
#2 C:\xampp\htdocs\tasteid\system\Common.php(1097): CodeIgniter\View\View->render('admin/addevent', Array, true)
#3 C:\xampp\htdocs\tasteid\app\Views\admin\backendtemplate.php(113): view('admin/addevent', Array)
#4 C:\xampp\htdocs\tasteid\system\View\View.php(214): include('C:\\xampp\\htdocs...')
#5 C:\xampp\htdocs\tasteid\system\View\View.php(217): CodeIgniter\View\View->CodeIgniter\View\{closure}()
#6 C:\xampp\htdocs\tasteid\system\Common.php(1097): CodeIgniter\View\View->render('admin/backendte...', Array, true)
#7 C:\xampp\htdocs\tasteid\app\Controllers\Admin.php(22): view('admin/backendte...', Array)
#8 C:\xampp\htdocs\tasteid\system\CodeIgniter.php(824): App\Controllers\Admin->addevent()
#9 C:\xampp\htdocs\tasteid\system\CodeIgniter.php(410): CodeIgniter\CodeIgniter->runController(Object(App\Controllers\Admin))
#10 C:\xampp\htdocs\tasteid\system\CodeIgniter.php(318): CodeIgniter\CodeIgniter->handleRequest(NULL, Object(Config\Cache), false)
#11 C:\xampp\htdocs\tasteid\public\index.php(37): CodeIgniter\CodeIgniter->run()
#12 C:\xampp\htdocs\tasteid\system\Commands\Server\rewrite.php(43): require_once('C:\\xampp\\htdocs...')
#13 {main}
CRITICAL - 2021-12-25 08:47:09 --> date() expects at least 1 parameter, 0 given
#0 [internal function]: CodeIgniter\Debug\Exceptions->errorHandler(2, 'date() expects ...', 'C:\\xampp\\htdocs...', 23, Array)
#1 C:\xampp\htdocs\tasteid\app\Controllers\Planner.php(23): date()
#2 C:\xampp\htdocs\tasteid\system\CodeIgniter.php(824): App\Controllers\Planner->index()
#3 C:\xampp\htdocs\tasteid\system\CodeIgniter.php(410): CodeIgniter\CodeIgniter->runController(Object(App\Controllers\Planner))
#4 C:\xampp\htdocs\tasteid\system\CodeIgniter.php(318): CodeIgniter\CodeIgniter->handleRequest(NULL, Object(Config\Cache), false)
#5 C:\xampp\htdocs\tasteid\public\index.php(37): CodeIgniter\CodeIgniter->run()
#6 C:\xampp\htdocs\tasteid\system\Commands\Server\rewrite.php(43): require_once('C:\\xampp\\htdocs...')
#7 {main}
CRITICAL - 2021-12-25 08:57:19 --> Invalid file: add_meal.php
#0 C:\xampp\htdocs\tasteid\system\View\View.php(198): CodeIgniter\Exceptions\FrameworkException::forInvalidFile('add_meal.php')
#1 C:\xampp\htdocs\tasteid\system\Common.php(1097): CodeIgniter\View\View->render('add_meal', Array, true)
#2 C:\xampp\htdocs\tasteid\app\Controllers\Planner.php(28): view('add_meal')
#3 C:\xampp\htdocs\tasteid\system\CodeIgniter.php(824): App\Controllers\Planner->addmeal()
#4 C:\xampp\htdocs\tasteid\system\CodeIgniter.php(410): CodeIgniter\CodeIgniter->runController(Object(App\Controllers\Planner))
#5 C:\xampp\htdocs\tasteid\system\CodeIgniter.php(318): CodeIgniter\CodeIgniter->handleRequest(NULL, Object(Config\Cache), false)
#6 C:\xampp\htdocs\tasteid\public\index.php(37): CodeIgniter\CodeIgniter->run()
#7 C:\xampp\htdocs\tasteid\system\Commands\Server\rewrite.php(43): require_once('C:\\xampp\\htdocs...')
#8 {main}
CRITICAL - 2021-12-25 09:52:39 --> Too few arguments to function App\Controllers\Planner::delete(), 0 passed in C:\xampp\htdocs\tasteid\system\CodeIgniter.php on line 824 and exactly 1 expected
#0 C:\xampp\htdocs\tasteid\system\CodeIgniter.php(824): App\Controllers\Planner->delete()
#1 C:\xampp\htdocs\tasteid\system\CodeIgniter.php(410): CodeIgniter\CodeIgniter->runController(Object(App\Controllers\Planner))
#2 C:\xampp\htdocs\tasteid\system\CodeIgniter.php(318): CodeIgniter\CodeIgniter->handleRequest(NULL, Object(Config\Cache), false)
#3 C:\xampp\htdocs\tasteid\public\index.php(37): CodeIgniter\CodeIgniter->run()
#4 C:\xampp\htdocs\tasteid\system\Commands\Server\rewrite.php(43): require_once('C:\\xampp\\htdocs...')
#5 {main}
